default ns3::RealtimeSimulatorImpl::SynchronizationMode "BestEffort"
default ns3::RealtimeSimulatorImpl::HardLimit "+100000000.0ns"
default ns3::RandomVariableStream::Stream "-1"
default ns3::RandomVariableStream::Antithetic "false"
default ns3::UniformRandomVariable::Min "0"
default ns3::UniformRandomVariable::Max "1"
default ns3::ConstantRandomVariable::Constant "0"
default ns3::SequentialRandomVariable::Min "0"
default ns3::SequentialRandomVariable::Max "0"
default ns3::SequentialRandomVariable::Increment "ns3::ConstantRandomVariable[Constant=1]"
default ns3::SequentialRandomVariable::Consecutive "1"
default ns3::ExponentialRandomVariable::Mean "1"
default ns3::ExponentialRandomVariable::Bound "0"
default ns3::ParetoRandomVariable::Mean "1"
default ns3::ParetoRandomVariable::Shape "2"
default ns3::ParetoRandomVariable::Bound "0"
default ns3::WeibullRandomVariable::Scale "1"
default ns3::WeibullRandomVariable::Shape "1"
default ns3::WeibullRandomVariable::Bound "0"
default ns3::NormalRandomVariable::Mean "0"
default ns3::NormalRandomVariable::Variance "1"
default ns3::NormalRandomVariable::Bound "1e+307"
default ns3::LogNormalRandomVariable::Mu "0"
default ns3::LogNormalRandomVariable::Sigma "1"
default ns3::GammaRandomVariable::Alpha "1"
default ns3::GammaRandomVariable::Beta "1"
default ns3::ErlangRandomVariable::K "1"
default ns3::ErlangRandomVariable::Lambda "1"
default ns3::TriangularRandomVariable::Mean "0.5"
default ns3::TriangularRandomVariable::Min "0"
default ns3::TriangularRandomVariable::Max "1"
default ns3::ZipfRandomVariable::N "1"
default ns3::ZipfRandomVariable::Alpha "0"
default ns3::ZetaRandomVariable::Alpha "3.14"
default ns3::RedQueue::Mode "QUEUE_MODE_PACKETS"
default ns3::RedQueue::MeanPktSize "500"
default ns3::RedQueue::IdlePktSize "0"
default ns3::RedQueue::Wait "true"
default ns3::RedQueue::Gentle "true"
default ns3::RedQueue::MinTh "5"
default ns3::RedQueue::MaxTh "15"
default ns3::RedQueue::QueueLimit "25"
default ns3::RedQueue::QW "0.002"
default ns3::RedQueue::LInterm "50"
default ns3::RedQueue::Ns1Compat "false"
default ns3::RedQueue::LinkBandwidth "1500000bps"
default ns3::RedQueue::LinkDelay "+20000000.0ns"
default ns3::PcapFileWrapper::CaptureSize "65535"
default ns3::PacketSocket::RcvBufSize "131072"
default ns3::ErrorModel::IsEnabled "true"
default ns3::RateErrorModel::ErrorUnit "ERROR_UNIT_BYTE"
default ns3::RateErrorModel::ErrorRate "0"
default ns3::RateErrorModel::RanVar "ns3::UniformRandomVariable[Min=0.0|Max=1.0]"
default ns3::BurstErrorModel::ErrorRate "0"
default ns3::BurstErrorModel::BurstStart "ns3::UniformRandomVariable[Min=0.0|Max=1.0]"
default ns3::BurstErrorModel::BurstSize "ns3::UniformRandomVariable[Min=1|Max=4]"
default ns3::DropTailQueue::Mode "QUEUE_MODE_PACKETS"
default ns3::DropTailQueue::MaxPackets "10000"
default ns3::DropTailQueue::MaxBytes "999999"
default ns3::Application::StartTime "+0.0ns"
default ns3::Application::StopTime "+0.0ns"
default ns3::FdNetDevice::Address "ff:ff:ff:ff:ff:ff"
default ns3::FdNetDevice::Start "+0.0ns"
default ns3::FdNetDevice::Stop "+0.0ns"
default ns3::FdNetDevice::EncapsulationMode "Dix"
default ns3::FdNetDevice::RxQueueSize "1000"
default ns3::EmuNetDevice::Address "ff:ff:ff:ff:ff:ff"
default ns3::EmuNetDevice::DeviceName "eth1"
default ns3::EmuNetDevice::Start "+0.0ns"
default ns3::EmuNetDevice::Stop "+0.0ns"
default ns3::EmuNetDevice::EncapsulationMode "Dix"
default ns3::EmuNetDevice::RxQueueSize "1000"
default ns3::ConfigStore::Mode "Save"
default ns3::ConfigStore::Filename "lte-nsc.out"
default ns3::ConfigStore::FileFormat "RawText"
default ns3::WaypointMobilityModel::LazyNotify "false"
default ns3::WaypointMobilityModel::InitialPositionIsWaypoint "false"
default ns3::SteadyStateRandomWaypointMobilityModel::MinSpeed "0.3"
default ns3::SteadyStateRandomWaypointMobilityModel::MaxSpeed "0.7"
default ns3::SteadyStateRandomWaypointMobilityModel::MinPause "0"
default ns3::SteadyStateRandomWaypointMobilityModel::MaxPause "0"
default ns3::SteadyStateRandomWaypointMobilityModel::MinX "1"
default ns3::SteadyStateRandomWaypointMobilityModel::MaxX "1"
default ns3::SteadyStateRandomWaypointMobilityModel::MinY "1"
default ns3::SteadyStateRandomWaypointMobilityModel::MaxY "1"
default ns3::RandomWaypointMobilityModel::Speed "ns3::UniformRandomVariable[Min=0.3|Max=0.7]"
default ns3::RandomWaypointMobilityModel::Pause "ns3::ConstantRandomVariable[Constant=2.0]"
default ns3::RandomWalk2dMobilityModel::Bounds "0|0|100|100"
default ns3::RandomWalk2dMobilityModel::Time "+1000000000.0ns"
default ns3::RandomWalk2dMobilityModel::Distance "1"
default ns3::RandomWalk2dMobilityModel::Mode "Distance"
default ns3::RandomWalk2dMobilityModel::Direction "ns3::UniformRandomVariable[Min=0.0|Max=6.283184]"
default ns3::RandomWalk2dMobilityModel::Speed "ns3::UniformRandomVariable[Min=2.0|Max=4.0]"
default ns3::RandomDirection2dMobilityModel::Bounds "-100|100|-100|100"
default ns3::RandomDirection2dMobilityModel::Speed "ns3::UniformRandomVariable[Min=1.0|Max=2.0]"
default ns3::RandomDirection2dMobilityModel::Pause "ns3::ConstantRandomVariable[Constant=2.0]"
default ns3::GridPositionAllocator::GridWidth "10"
default ns3::GridPositionAllocator::MinX "1"
default ns3::GridPositionAllocator::MinY "0"
default ns3::GridPositionAllocator::DeltaX "1"
default ns3::GridPositionAllocator::DeltaY "1"
default ns3::GridPositionAllocator::LayoutType "RowFirst"
default ns3::RandomRectanglePositionAllocator::X "ns3::UniformRandomVariable[Min=0.0|Max=1.0]"
default ns3::RandomRectanglePositionAllocator::Y "ns3::UniformRandomVariable[Min=0.0|Max=1.0]"
default ns3::RandomBoxPositionAllocator::X "ns3::UniformRandomVariable[Min=0.0|Max=1.0]"
default ns3::RandomBoxPositionAllocator::Y "ns3::UniformRandomVariable[Min=0.0|Max=1.0]"
default ns3::RandomBoxPositionAllocator::Z "ns3::UniformRandomVariable[Min=0.0|Max=1.0]"
default ns3::RandomDiscPositionAllocator::Theta "ns3::UniformRandomVariable[Min=0.0|Max=6.2830]"
default ns3::RandomDiscPositionAllocator::Rho "ns3::UniformRandomVariable[Min=0.0|Max=200.0]"
default ns3::RandomDiscPositionAllocator::X "0"
default ns3::RandomDiscPositionAllocator::Y "0"
default ns3::UniformDiscPositionAllocator::rho "0"
default ns3::UniformDiscPositionAllocator::X "0"
default ns3::UniformDiscPositionAllocator::Y "0"
default ns3::GaussMarkovMobilityModel::Bounds "-100|100|-100|100|0|100"
default ns3::GaussMarkovMobilityModel::TimeStep "+1000000000.0ns"
default ns3::GaussMarkovMobilityModel::Alpha "1"
default ns3::GaussMarkovMobilityModel::MeanVelocity "ns3::UniformRandomVariable[Min=0.0|Max=1.0]"
default ns3::GaussMarkovMobilityModel::MeanDirection "ns3::UniformRandomVariable[Min=0.0|Max=6.283185307]"
default ns3::GaussMarkovMobilityModel::MeanPitch "ns3::ConstantRandomVariable[Constant=0.0]"
default ns3::GaussMarkovMobilityModel::NormalVelocity "ns3::NormalRandomVariable[Mean=0.0|Variance=1.0|Bound=10.0]"
default ns3::GaussMarkovMobilityModel::NormalDirection "ns3::NormalRandomVariable[Mean=0.0|Variance=1.0|Bound=10.0]"
default ns3::GaussMarkovMobilityModel::NormalPitch "ns3::NormalRandomVariable[Mean=0.0|Variance=1.0|Bound=10.0]"
default ns3::ItuR1411NlosOverRooftopPropagationLossModel::Frequency "2.16e+09"
default ns3::ItuR1411NlosOverRooftopPropagationLossModel::Environment "Urban"
default ns3::ItuR1411NlosOverRooftopPropagationLossModel::CitySize "Large"
default ns3::ItuR1411NlosOverRooftopPropagationLossModel::RooftopLevel "20"
default ns3::ItuR1411NlosOverRooftopPropagationLossModel::StreetsOrientation "45"
default ns3::ItuR1411NlosOverRooftopPropagationLossModel::StreetsWidth "20"
default ns3::ItuR1411NlosOverRooftopPropagationLossModel::BuildingsExtend "80"
default ns3::ItuR1411NlosOverRooftopPropagationLossModel::BuildingSeparation "50"
default ns3::ItuR1411LosPropagationLossModel::Frequency "2.16e+09"
default ns3::OkumuraHataPropagationLossModel::Frequency "2.16e+09"
default ns3::OkumuraHataPropagationLossModel::Environment "Urban"
default ns3::OkumuraHataPropagationLossModel::CitySize "Large"
default ns3::Cost231PropagationLossModel::Lambda "0.130435"
default ns3::Cost231PropagationLossModel::Frequency "2.3e+09"
default ns3::Cost231PropagationLossModel::BSAntennaHeight "50"
default ns3::Cost231PropagationLossModel::SSAntennaHeight "3"
default ns3::Cost231PropagationLossModel::MinDistance "0.5"
default ns3::JakesProcess::DopplerFrequencyHz "80"
default ns3::JakesProcess::NumberOfOscillators "20"
default ns3::RandomPropagationLossModel::Variable "ns3::ConstantRandomVariable[Constant=1.0]"
default ns3::FriisPropagationLossModel::Frequency "5.15e+09"
default ns3::FriisPropagationLossModel::SystemLoss "1"
default ns3::FriisPropagationLossModel::MinDistance "0.5"
default ns3::TwoRayGroundPropagationLossModel::Frequency "5.15e+09"
default ns3::TwoRayGroundPropagationLossModel::SystemLoss "1"
default ns3::TwoRayGroundPropagationLossModel::MinDistance "0.5"
default ns3::TwoRayGroundPropagationLossModel::HeightAboveZ "0"
default ns3::LogDistancePropagationLossModel::Exponent "3"
default ns3::LogDistancePropagationLossModel::ReferenceDistance "1"
default ns3::LogDistancePropagationLossModel::ReferenceLoss "46.6777"
default ns3::ThreeLogDistancePropagationLossModel::Distance0 "1"
default ns3::ThreeLogDistancePropagationLossModel::Distance1 "200"
default ns3::ThreeLogDistancePropagationLossModel::Distance2 "500"
default ns3::ThreeLogDistancePropagationLossModel::Exponent0 "1.9"
default ns3::ThreeLogDistancePropagationLossModel::Exponent1 "3.8"
default ns3::ThreeLogDistancePropagationLossModel::Exponent2 "3.8"
default ns3::ThreeLogDistancePropagationLossModel::ReferenceLoss "46.6777"
default ns3::NakagamiPropagationLossModel::Distance1 "80"
default ns3::NakagamiPropagationLossModel::Distance2 "200"
default ns3::NakagamiPropagationLossModel::m0 "1.5"
default ns3::NakagamiPropagationLossModel::m1 "0.75"
default ns3::NakagamiPropagationLossModel::m2 "0.75"
default ns3::NakagamiPropagationLossModel::ErlangRv "ns3::ErlangRandomVariable"
default ns3::NakagamiPropagationLossModel::GammaRv "ns3::GammaRandomVariable"
default ns3::FixedRssLossModel::Rss "-150"
default ns3::MatrixPropagationLossModel::DefaultLoss "1.79769e+308"
default ns3::RangePropagationLossModel::MaxRange "250"
default ns3::RandomPropagationDelayModel::Variable "ns3::UniformRandomVariable"
default ns3::ConstantSpeedPropagationDelayModel::Speed "3e+08"
default ns3::GridBuildingAllocator::GridWidth "10"
default ns3::GridBuildingAllocator::MinX "1"
default ns3::GridBuildingAllocator::MinY "0"
default ns3::GridBuildingAllocator::LengthX "1"
default ns3::GridBuildingAllocator::LengthY "1"
default ns3::GridBuildingAllocator::DeltaX "1"
default ns3::GridBuildingAllocator::DeltaY "1"
default ns3::GridBuildingAllocator::Height "10"
default ns3::GridBuildingAllocator::LayoutType "RowFirst"
default ns3::RandomBuildingPositionAllocator::WithReplacement "false"
default ns3::BuildingsPropagationLossModel::ShadowSigmaOutdoor "7"
default ns3::BuildingsPropagationLossModel::ShadowSigmaIndoor "8"
default ns3::BuildingsPropagationLossModel::ShadowSigmaExtWalls "5"
default ns3::BuildingsPropagationLossModel::InternalWallLoss "5"
default ns3::HybridBuildingsPropagationLossModel::Frequency "2.16e+09"
default ns3::HybridBuildingsPropagationLossModel::Los2NlosThr "200"
default ns3::HybridBuildingsPropagationLossModel::Environment "Urban"
default ns3::HybridBuildingsPropagationLossModel::CitySize "Large"
default ns3::HybridBuildingsPropagationLossModel::RooftopLevel "20"
default ns3::ItuR1238PropagationLossModel::Frequency "2.16e+09"
default ns3::Building::NRoomsX "1"
default ns3::Building::NRoomsY "1"
default ns3::Building::NFloors "1"
default ns3::Building::Boundaries "0|0|0|0|0|0"
default ns3::Building::Type "Residential"
default ns3::Building::ExternalWallsType "ConcreteWithWindows"
default ns3::AthstatsWifiTraceSink::Interval "+1000000000.0ns"
default ns3::Dcf::MinCw "15"
default ns3::Dcf::MaxCw "1023"
default ns3::Dcf::Aifsn "2"
default ns3::MsduStandardAggregator::MaxAmsduSize "7935"
default ns3::EdcaTxopN::BlockAckThreshold "0"
default ns3::EdcaTxopN::BlockAckInactivityTimeout "0"
default ns3::MinstrelWifiManager::UpdateStatistics "+100000000.0ns"
default ns3::MinstrelWifiManager::LookAroundRate "10"
default ns3::MinstrelWifiManager::EWMA "75"
default ns3::MinstrelWifiManager::SegmentSize "6000"
default ns3::MinstrelWifiManager::SampleColumn "10"
default ns3::MinstrelWifiManager::PacketLength "1200"
default ns3::WifiRemoteStationManager::MaxSsrc "7"
default ns3::WifiRemoteStationManager::MaxSlrc "7"
default ns3::WifiRemoteStationManager::RtsCtsThreshold "2346"
default ns3::WifiRemoteStationManager::FragmentationThreshold "2346"
default ns3::WifiRemoteStationManager::NonUnicastMode "Invalid-WifiMode"
default ns3::CaraWifiManager::ProbeThreshold "1"
default ns3::CaraWifiManager::FailureThreshold "2"
default ns3::CaraWifiManager::SuccessThreshold "10"
default ns3::CaraWifiManager::Timeout "15"
default ns3::AarfcdWifiManager::SuccessK "2"
default ns3::AarfcdWifiManager::TimerK "2"
default ns3::AarfcdWifiManager::MaxSuccessThreshold "60"
default ns3::AarfcdWifiManager::MinTimerThreshold "15"
default ns3::AarfcdWifiManager::MinSuccessThreshold "10"
default ns3::AarfcdWifiManager::MinRtsWnd "1"
default ns3::AarfcdWifiManager::MaxRtsWnd "40"
default ns3::AarfcdWifiManager::TurnOffRtsAfterRateDecrease "true"
default ns3::AarfcdWifiManager::TurnOnRtsAfterRateIncrease "true"
default ns3::RraaWifiManager::Basic "false"
default ns3::RraaWifiManager::Timeout "+50000000.0ns"
default ns3::RraaWifiManager::ewndFor54mbps "40"
default ns3::RraaWifiManager::ewndFor48mbps "40"
default ns3::RraaWifiManager::ewndFor36mbps "40"
default ns3::RraaWifiManager::ewndFor24mbps "40"
default ns3::RraaWifiManager::ewndFor18mbps "20"
default ns3::RraaWifiManager::ewndFor12mbps "20"
default ns3::RraaWifiManager::ewndFor9mbps "10"
default ns3::RraaWifiManager::ewndFor6mbps "6"
default ns3::RraaWifiManager::poriFor48mbps "0.047"
default ns3::RraaWifiManager::poriFor36mbps "0.115"
default ns3::RraaWifiManager::poriFor24mbps "0.1681"
default ns3::RraaWifiManager::poriFor18mbps "0.1325"
default ns3::RraaWifiManager::poriFor12mbps "0.1861"
default ns3::RraaWifiManager::poriFor9mbps "0.1434"
default ns3::RraaWifiManager::poriFor6mbps "0.5"
default ns3::RraaWifiManager::pmtlFor54mbps "0.094"
default ns3::RraaWifiManager::pmtlFor48mbps "0.23"
default ns3::RraaWifiManager::pmtlFor36mbps "0.3363"
default ns3::RraaWifiManager::pmtlFor24mbps "0.265"
default ns3::RraaWifiManager::pmtlFor18mbps "0.3722"
default ns3::RraaWifiManager::pmtlFor12mbps "0.2868"
default ns3::RraaWifiManager::pmtlFor9mbps "0.3932"
default ns3::OnoeWifiManager::UpdatePeriod "+1000000000.0ns"
default ns3::OnoeWifiManager::RaiseThreshold "10"
default ns3::OnoeWifiManager::AddCreditThreshold "10"
default ns3::AmrrWifiManager::UpdatePeriod "+1000000000.0ns"
default ns3::AmrrWifiManager::FailureRatio "0.333333"
default ns3::AmrrWifiManager::SuccessRatio "0.1"
default ns3::AmrrWifiManager::MaxSuccessThreshold "10"
default ns3::AmrrWifiManager::MinSuccessThreshold "1"
default ns3::ConstantRateWifiManager::DataMode "OfdmRate6Mbps"
default ns3::ConstantRateWifiManager::ControlMode "OfdmRate6Mbps"
default ns3::IdealWifiManager::BerThreshold "1e-05"
default ns3::AarfWifiManager::SuccessK "2"
default ns3::AarfWifiManager::TimerK "2"
default ns3::AarfWifiManager::MaxSuccessThreshold "60"
default ns3::AarfWifiManager::MinTimerThreshold "15"
default ns3::AarfWifiManager::MinSuccessThreshold "10"
default ns3::ArfWifiManager::TimerThreshold "15"
default ns3::ArfWifiManager::SuccessThreshold "10"
default ns3::WifiNetDevice::Mtu "2296"
default ns3::RegularWifiMac::QosSupported "false"
default ns3::WifiMac::CtsTimeout "+75000.0ns"
default ns3::WifiMac::AckTimeout "+75000.0ns"
default ns3::WifiMac::BasicBlockAckTimeout "+281000.0ns"
default ns3::WifiMac::CompressedBlockAckTimeout "+99000.0ns"
default ns3::WifiMac::Sifs "+16000.0ns"
default ns3::WifiMac::EifsNoDifs "+60000.0ns"
default ns3::WifiMac::Slot "+9000.0ns"
default ns3::WifiMac::Pifs "+25000.0ns"
default ns3::WifiMac::MaxPropagationDelay "+3333.0ns"
default ns3::WifiMac::Ssid "default"
default ns3::StaWifiMac::ProbeRequestTimeout "+50000000.0ns"
default ns3::StaWifiMac::AssocRequestTimeout "+500000000.0ns"
default ns3::StaWifiMac::MaxMissedBeacons "10"
default ns3::StaWifiMac::ActiveProbing "false"
default ns3::ApWifiMac::BeaconInterval "+102400000.0ns"
default ns3::ApWifiMac::BeaconGeneration "true"
default ns3::WifiMacQueue::MaxPacketNumber "400"
default ns3::WifiMacQueue::MaxDelay "+10000000000.0ns"
default ns3::YansWifiPhy::EnergyDetectionThreshold "-96"
default ns3::YansWifiPhy::CcaMode1Threshold "-99"
default ns3::YansWifiPhy::TxGain "1"
default ns3::YansWifiPhy::RxGain "1"
default ns3::YansWifiPhy::TxPowerLevels "1"
default ns3::YansWifiPhy::TxPowerEnd "16.0206"
default ns3::YansWifiPhy::TxPowerStart "16.0206"
default ns3::YansWifiPhy::RxNoiseFigure "7"
default ns3::YansWifiPhy::ChannelSwitchDelay "+250000.0ns"
default ns3::YansWifiPhy::ChannelNumber "1"
default ns3::PointToPointChannel::Delay "+0.0ns"
default ns3::PointToPointNetDevice::Mtu "1500"
default ns3::PointToPointNetDevice::Address "ff:ff:ff:ff:ff:ff"
default ns3::PointToPointNetDevice::DataRate "32768bps"
default ns3::PointToPointNetDevice::InterframeGap "+0.0ns"
default ns3::BridgeNetDevice::Mtu "1500"
default ns3::BridgeNetDevice::EnableLearning "true"
default ns3::BridgeNetDevice::ExpirationTime "+300000000000.0ns"
default ns3::NscTcpL4Protocol::Library "liblinux2.6.26.so"
default ns3::TcpSocket::SndBufSize "131072"
default ns3::TcpSocket::RcvBufSize "131072"
default ns3::TcpSocket::SegmentSize "536"
default ns3::TcpSocket::SlowStartThreshold "65535"
default ns3::TcpSocket::InitialCwnd "1"
default ns3::TcpSocket::ConnTimeout "+3000000000.0ns"
default ns3::TcpSocket::ConnCount "6"
default ns3::TcpSocket::DelAckTimeout "+200000000.0ns"
default ns3::TcpSocket::DelAckCount "2"
default ns3::TcpSocket::TcpNoDelay "true"
default ns3::TcpSocket::PersistTimeout "+6000000000.0ns"
default ns3::Ipv4GlobalRouting::RandomEcmpRouting "false"
default ns3::Ipv4GlobalRouting::RespondToInterfaceEvents "false"
default ns3::Ipv6::IpForward "false"
default ns3::Ipv4::IpForward "true"
default ns3::Ipv4::WeakEsModel "true"
default ns3::UdpSocket::RcvBufSize "131072"
default ns3::UdpSocket::IpTtl "0"
default ns3::UdpSocket::IpMulticastTtl "0"
default ns3::UdpSocket::IpMulticastIf "-1"
default ns3::UdpSocket::IpMulticastLoop "false"
default ns3::UdpSocket::MtuDiscover "false"
default ns3::TcpWestwood::FilterType "Tustin"
default ns3::TcpWestwood::ProtocolType "Westwood"
default ns3::TcpSocketBase::MaxSegLifetime "120"
default ns3::TcpSocketBase::MaxWindowSize "65535"
default ns3::TcpNewReno::ReTxThreshold "3"
default ns3::TcpNewReno::LimitedTransmit "false"
default ns3::TcpReno::ReTxThreshold "3"
default ns3::TcpTahoe::ReTxThreshold "3"
default ns3::Icmpv6L4Protocol::DAD "true"
default ns3::Ipv6RawSocketImpl::Protocol "0"
default ns3::Ipv6L3Protocol::DefaultTtl "64"
default ns3::Ipv6L3Protocol::DefaultTclass "0"
default ns3::Ipv6L3Protocol::SendIcmpv6Redirect "true"
default ns3::NdiscCache::UnresolvedQueueSize "3"
default ns3::Ipv4RawSocketImpl::Protocol "0"
default ns3::Ipv4RawSocketImpl::IcmpFilter "0"
default ns3::Ipv4RawSocketImpl::IpHeaderInclude "false"
default ns3::RttEstimator::MaxMultiplier "64"
default ns3::RttEstimator::InitialEstimation "+1000000000.0ns"
default ns3::RttEstimator::MinRTO "+200000000.0ns"
default ns3::RttMeanDeviation::Gain "0.1"
default ns3::ArpCache::AliveTimeout "+120000000000.0ns"
default ns3::ArpCache::DeadTimeout "+100000000000.0ns"
default ns3::ArpCache::WaitReplyTimeout "+1000000000.0ns"
default ns3::ArpCache::MaxRetries "3"
default ns3::ArpCache::PendingQueueSize "3"
default ns3::TcpL4Protocol::RttEstimatorType "ns3::RttMeanDeviation"
default ns3::TcpL4Protocol::SocketType "ns3::TcpTahoe"
default ns3::Ipv4L3Protocol::DefaultTos "0"
default ns3::Ipv4L3Protocol::DefaultTtl "64"
default ns3::Ipv4L3Protocol::FragmentExpirationTimeout "+30000000000.0ns"
default ns3::TapBridge::Mtu "0"
default ns3::TapBridge::DeviceName ""
default ns3::TapBridge::Gateway "255.255.255.255"
default ns3::TapBridge::IpAddress "255.255.255.255"
default ns3::TapBridge::MacAddress "ff:ff:ff:ff:ff:ff"
default ns3::TapBridge::Netmask "255.255.255.255"
default ns3::TapBridge::Start "+0.0ns"
default ns3::TapBridge::Stop "+0.0ns"
default ns3::TapBridge::Mode "UseLocal"
default ns3::FlowMonitor::MaxPerHopDelay "+10000000000.0ns"
default ns3::FlowMonitor::StartTime "+0.0ns"
default ns3::FlowMonitor::DelayBinWidth "0.001"
default ns3::FlowMonitor::JitterBinWidth "0.001"
default ns3::FlowMonitor::PacketSizeBinWidth "20"
default ns3::FlowMonitor::FlowInterruptionsBinWidth "0.25"
default ns3::FlowMonitor::FlowInterruptionsMinTime "+500000000.0ns"
default ns3::RvBatteryModel::RvBatteryModelPeriodicEnergyUpdateInterval "+1000000000.0ns"
default ns3::RvBatteryModel::RvBatteryModelOpenCircuitVoltage "4.1"
default ns3::RvBatteryModel::RvBatteryModelCutoffVoltage "3"
default ns3::RvBatteryModel::RvBatteryModelAlphaValue "35220"
default ns3::RvBatteryModel::RvBatteryModelBetaValue "0.637"
default ns3::RvBatteryModel::RvBatteryModelNumOfTerms "10"
default ns3::LiIonEnergySource::LiIonEnergySourceInitialEnergyJ "31752"
default ns3::LiIonEnergySource::InitialCellVoltage "4.05"
default ns3::LiIonEnergySource::NominalCellVoltage "3.6"
default ns3::LiIonEnergySource::ExpCellVoltage "3.6"
default ns3::LiIonEnergySource::RatedCapacity "2.45"
default ns3::LiIonEnergySource::NomCapacity "1.1"
default ns3::LiIonEnergySource::ExpCapacity "1.2"
default ns3::LiIonEnergySource::InternalResistance "0.083"
default ns3::LiIonEnergySource::TypCurrent "2.33"
default ns3::LiIonEnergySource::ThresholdVoltage "3.3"
default ns3::LiIonEnergySource::PeriodicEnergyUpdateInterval "+1000000000.0ns"
default ns3::BasicEnergySource::BasicEnergySourceInitialEnergyJ "10"
default ns3::BasicEnergySource::BasicEnergySupplyVoltageV "3"
default ns3::BasicEnergySource::PeriodicEnergyUpdateInterval "+1000000000.0ns"
default ns3::WifiRadioEnergyModel::IdleCurrentA "0.000426"
default ns3::WifiRadioEnergyModel::CcaBusyCurrentA "0.000426"
default ns3::WifiRadioEnergyModel::TxCurrentA "0.0174"
default ns3::WifiRadioEnergyModel::RxCurrentA "0.0197"
default ns3::WifiRadioEnergyModel::SwitchingCurrentA "0.000426"
default ns3::AcousticModemEnergyModel::TxPowerW "50"
default ns3::AcousticModemEnergyModel::RxPowerW "0.158"
default ns3::AcousticModemEnergyModel::IdlePowerW "0.158"
default ns3::AcousticModemEnergyModel::SleepPowerW "0.0058"
default ns3::UanMacRcGw::MaxReservations "10"
default ns3::UanMacRcGw::NumberOfRates "1023"
default ns3::UanMacRcGw::RetryRate "0.1"
default ns3::UanMacRcGw::MaxPropDelay "+2000000000.0ns"
default ns3::UanMacRcGw::SIFS "+200000000.0ns"
default ns3::UanMacRcGw::NumberOfNodes "10"
default ns3::UanMacRcGw::MinRetryRate "0.01"
default ns3::UanMacRcGw::RetryStep "0.01"
default ns3::UanMacRcGw::NumberOfRetryRates "100"
default ns3::UanMacRcGw::TotalRate "4096"
default ns3::UanMacRcGw::RateStep "4"
default ns3::UanMacRcGw::FrameSize "1000"
default ns3::UanMacRc::RetryRate "0.2"
default ns3::UanMacRc::MaxFrames "1"
default ns3::UanMacRc::QueueLimit "10"
default ns3::UanMacRc::SIFS "+200000000.0ns"
default ns3::UanMacRc::NumberOfRates "0"
default ns3::UanMacRc::MinRetryRate "0.01"
default ns3::UanMacRc::RetryStep "0.01"
default ns3::UanMacRc::NumberOfRetryRates "100"
default ns3::UanMacRc::MaxPropDelay "+2000000000.0ns"
default ns3::UanPhyPerGenDefault::Threshold "8"
default ns3::UanPhyDual::CcaThresholdPhy1 "10"
default ns3::UanPhyDual::CcaThresholdPhy2 "10"
default ns3::UanPhyDual::TxPowerPhy1 "190"
default ns3::UanPhyDual::TxPowerPhy2 "190"
default ns3::UanPhyDual::RxGainPhy1 "0"
default ns3::UanPhyDual::RxGainPhy2 "0"
default ns3::UanPhyDual::SupportedModesPhy1 "2|0|1|"
default ns3::UanPhyDual::SupportedModesPhy2 "2|0|1|"
default ns3::UanPropModelThorp::SpreadCoef "1.5"
default ns3::UanMacCw::CW "10"
default ns3::UanMacCw::SlotTime "+20000000.0ns"
default ns3::UanNoiseModelDefault::Wind "1"
default ns3::UanNoiseModelDefault::Shipping "0"
default ns3::UanPhyGen::CcaThreshold "10"
default ns3::UanPhyGen::RxThreshold "10"
default ns3::UanPhyGen::TxPower "190"
default ns3::UanPhyGen::RxGain "0"
default ns3::UanPhyGen::SupportedModes "2|0|1|"
default ns3::UanPhyCalcSinrFhFsk::NumberOfHops "13"
default ns3::VirtualNetDevice::Mtu "1500"
default ns3::V4Ping::Remote "102.102.102.102"
default ns3::V4Ping::Verbose "false"
default ns3::V4Ping::Interval "+1000000000.0ns"
default ns3::V4Ping::Size "56"
default ns3::UdpEchoServer::Port "9"
default ns3::UdpEchoClient::MaxPackets "100"
default ns3::UdpEchoClient::Interval "+1000000000.0ns"
default ns3::UdpEchoClient::RemoteAddress "00-00-00"
default ns3::UdpEchoClient::RemotePort "0"
default ns3::UdpEchoClient::PacketSize "100"
default ns3::UdpTraceClient::RemoteAddress "00-00-00"
default ns3::UdpTraceClient::RemotePort "100"
default ns3::UdpTraceClient::MaxPacketSize "1024"
default ns3::UdpTraceClient::TraceFilename ""
default ns3::UdpServer::Port "100"
default ns3::UdpServer::PacketWindowSize "32"
default ns3::UdpClient::MaxPackets "100"
default ns3::UdpClient::Interval "+1000000000.0ns"
default ns3::UdpClient::RemoteAddress "00-00-00"
default ns3::UdpClient::RemotePort "100"
default ns3::UdpClient::PacketSize "1024"
default ns3::Radvd::AdvertisementJitter "ns3::UniformRandomVariable"
default ns3::Ping6::MaxPackets "100"
default ns3::Ping6::Interval "+1000000000.0ns"
default ns3::Ping6::RemoteIpv6 "0000:0000:0000:0000:0000:0000:0000:0000"
default ns3::Ping6::LocalIpv6 "0000:0000:0000:0000:0000:0000:0000:0000"
default ns3::Ping6::PacketSize "100"
default ns3::PacketSink::Local "00-00-00"
default ns3::PacketSink::Protocol "ns3::UdpSocketFactory"
default ns3::OnOffApplication::DataRate "500000bps"
default ns3::OnOffApplication::PacketSize "512"
default ns3::OnOffApplication::Remote "00-00-00"
default ns3::OnOffApplication::OnTime "ns3::ConstantRandomVariable[Constant=1.0]"
default ns3::OnOffApplication::OffTime "ns3::ConstantRandomVariable[Constant=1.0]"
default ns3::OnOffApplication::MaxBytes "0"
default ns3::OnOffApplication::Protocol "ns3::UdpSocketFactory"
default ns3::BulkSendApplication::SendSize "512"
default ns3::BulkSendApplication::Remote "00-00-00"
default ns3::BulkSendApplication::MaxBytes "0"
default ns3::BulkSendApplication::Protocol "ns3::TcpSocketFactory"
default ns3::WimaxMacQueue::MaxSize "1024"
default ns3::UplinkSchedulerMBQoS::WindowInterval "+1000000000.0ns"
default ns3::SimpleOfdmWimaxPhy::NoiseFigure "5"
default ns3::SimpleOfdmWimaxPhy::TxPower "30"
default ns3::SimpleOfdmWimaxPhy::G "0.25"
default ns3::SimpleOfdmWimaxPhy::TxGain "0"
default ns3::SimpleOfdmWimaxPhy::RxGain "0"
default ns3::SimpleOfdmWimaxPhy::Nfft "256"
default ns3::SimpleOfdmWimaxPhy::TraceFilePath ""
default ns3::WimaxPhy::FrameDuration "+10000000.0ns"
default ns3::WimaxPhy::Frequency "5000000"
default ns3::WimaxPhy::Bandwidth "10000000"
default ns3::SubscriberStationNetDevice::LostDlMapInterval "+500000000.0ns"
default ns3::SubscriberStationNetDevice::LostUlMapInterval "+500000000.0ns"
default ns3::SubscriberStationNetDevice::MaxDcdInterval "+10000000000.0ns"
default ns3::SubscriberStationNetDevice::MaxUcdInterval "+10000000000.0ns"
default ns3::SubscriberStationNetDevice::IntervalT1 "+50000000000.0ns"
default ns3::SubscriberStationNetDevice::IntervalT2 "+10000000000.0ns"
default ns3::SubscriberStationNetDevice::IntervalT3 "+200000000.0ns"
default ns3::SubscriberStationNetDevice::IntervalT7 "+100000000.0ns"
default ns3::SubscriberStationNetDevice::IntervalT12 "+10000000000.0ns"
default ns3::SubscriberStationNetDevice::IntervalT20 "+500000000.0ns"
default ns3::SubscriberStationNetDevice::IntervalT21 "+10000000000.0ns"
default ns3::SubscriberStationNetDevice::MaxContentionRangingRetries "16"
default ns3::WimaxNetDevice::Mtu "1400"
default ns3::WimaxNetDevice::RTG "0"
default ns3::WimaxNetDevice::TTG "0"
default ns3::BaseStationNetDevice::InitialRangInterval "+50000000.0ns"
default ns3::BaseStationNetDevice::DcdInterval "+3000000000.0ns"
default ns3::BaseStationNetDevice::UcdInterval "+3000000000.0ns"
default ns3::BaseStationNetDevice::IntervalT8 "+50000000.0ns"
default ns3::BaseStationNetDevice::RangReqOppSize "8"
default ns3::BaseStationNetDevice::BwReqOppSize "2"
default ns3::BaseStationNetDevice::MaxRangCorrectionRetries "16"
default ns3::CsmaChannel::DataRate "4294967295bps"
default ns3::CsmaChannel::Delay "+0.0ns"
default ns3::CsmaNetDevice::Address "ff:ff:ff:ff:ff:ff"
default ns3::CsmaNetDevice::Mtu "1500"
default ns3::CsmaNetDevice::EncapsulationMode "Dix"
default ns3::CsmaNetDevice::SendEnable "true"
default ns3::CsmaNetDevice::ReceiveEnable "true"
default ns3::olsr::RoutingProtocol::HelloInterval "+2000000000.0ns"
default ns3::olsr::RoutingProtocol::TcInterval "+5000000000.0ns"
default ns3::olsr::RoutingProtocol::MidInterval "+5000000000.0ns"
default ns3::olsr::RoutingProtocol::HnaInterval "+5000000000.0ns"
default ns3::olsr::RoutingProtocol::Willingness "default"
default ns3::Dot11sStack::Root "ff:ff:ff:ff:ff:ff"
default ns3::flame::FlameProtocol::BroadcastInterval "+5000000000.0ns"
default ns3::flame::FlameProtocol::MaxCost "32"
default ns3::flame::FlameRtable::Lifetime "+120000000000.0ns"
default ns3::dot11s::AirtimeLinkMetricCalculator::TestLength "1024"
default ns3::dot11s::AirtimeLinkMetricCalculator::Dot11MetricTid "0"
default ns3::dot11s::AirtimeLinkMetricCalculator::Dot11sMeshHeaderLength "6"
default ns3::dot11s::HwmpProtocol::RandomStart "+100000000.0ns"
default ns3::dot11s::HwmpProtocol::MaxQueueSize "255"
default ns3::dot11s::HwmpProtocol::Dot11MeshHWMPmaxPREQretries "3"
default ns3::dot11s::HwmpProtocol::Dot11MeshHWMPnetDiameterTraversalTime "+102400000.0ns"
default ns3::dot11s::HwmpProtocol::Dot11MeshHWMPpreqMinInterval "+102400000.0ns"
default ns3::dot11s::HwmpProtocol::Dot11MeshHWMPperrMinInterval "+102400000.0ns"
default ns3::dot11s::HwmpProtocol::Dot11MeshHWMPactiveRootTimeout "+5120000000.0ns"
default ns3::dot11s::HwmpProtocol::Dot11MeshHWMPactivePathTimeout "+5120000000.0ns"
default ns3::dot11s::HwmpProtocol::Dot11MeshHWMPpathToRootInterval "+2048000000.0ns"
default ns3::dot11s::HwmpProtocol::Dot11MeshHWMPrannInterval "+5120000000.0ns"
default ns3::dot11s::HwmpProtocol::MaxTtl "32"
default ns3::dot11s::HwmpProtocol::UnicastPerrThreshold "32"
default ns3::dot11s::HwmpProtocol::UnicastPreqThreshold "1"
default ns3::dot11s::HwmpProtocol::UnicastDataThreshold "1"
default ns3::dot11s::HwmpProtocol::DoFlag "false"
default ns3::dot11s::HwmpProtocol::RfFlag "true"
default ns3::dot11s::PeerManagementProtocol::MaxNumberOfPeerLinks "32"
default ns3::dot11s::PeerManagementProtocol::MaxBeaconShiftValue "15"
default ns3::dot11s::PeerManagementProtocol::EnableBeaconCollisionAvoidance "true"
default ns3::dot11s::PeerLink::RetryTimeout "+40960000.0ns"
default ns3::dot11s::PeerLink::HoldingTimeout "+40960000.0ns"
default ns3::dot11s::PeerLink::ConfirmTimeout "+40960000.0ns"
default ns3::dot11s::PeerLink::MaxRetries "4"
default ns3::dot11s::PeerLink::MaxBeaconLoss "2"
default ns3::dot11s::PeerLink::MaxPacketFailure "2"
default ns3::MeshWifiInterfaceMac::BeaconInterval "+500000000.0ns"
default ns3::MeshWifiInterfaceMac::RandomStart "+500000000.0ns"
default ns3::MeshWifiInterfaceMac::BeaconGeneration "true"
default ns3::MeshPointDevice::Mtu "65535"
default ns3::dsr::DsrOptionRerrHeader::ErrorType "Node unreachable"
default ns3::dsr::DsrRouting::MaxSendBuffLen "64"
default ns3::dsr::DsrRouting::MaxSendBuffTime "+30000000000.0ns"
default ns3::dsr::DsrRouting::MaxMaintLen "50"
default ns3::dsr::DsrRouting::MaxMaintTime "+30000000000.0ns"
default ns3::dsr::DsrRouting::MaxCacheLen "64"
default ns3::dsr::DsrRouting::RouteCacheTimeout "+300000000000.0ns"
default ns3::dsr::DsrRouting::MaxEntriesEachDst "20"
default ns3::dsr::DsrRouting::SendBuffInterval "+500000000000.0ns"
default ns3::dsr::DsrRouting::NodeTraversalTime "+40000000.0ns"
default ns3::dsr::DsrRouting::RreqRetries "16"
default ns3::dsr::DsrRouting::MaintenanceRetries "2"
default ns3::dsr::DsrRouting::RequestTableSize "64"
default ns3::dsr::DsrRouting::RequestIdSize "16"
default ns3::dsr::DsrRouting::UniqueRequestIdSize "256"
default ns3::dsr::DsrRouting::NonPropRequestTimeout "+30000000.0ns"
default ns3::dsr::DsrRouting::DiscoveryHopLimit "255"
default ns3::dsr::DsrRouting::MaxSalvageCount "15"
default ns3::dsr::DsrRouting::BlacklistTimeout "+3000000000.0ns"
default ns3::dsr::DsrRouting::GratReplyHoldoff "+1000000000.0ns"
default ns3::dsr::DsrRouting::BroadcastJitter "10"
default ns3::dsr::DsrRouting::LinkAckTimeout "+100000000.0ns"
default ns3::dsr::DsrRouting::TryLinkAcks "1"
default ns3::dsr::DsrRouting::PassiveAckTimeout "+100000000.0ns"
default ns3::dsr::DsrRouting::TryPassiveAcks "1"
default ns3::dsr::DsrRouting::RequestPeriod "+500000000.0ns"
default ns3::dsr::DsrRouting::MaxRequestPeriod "+10000000000.0ns"
default ns3::dsr::DsrRouting::GraReplyTableSize "64"
default ns3::dsr::DsrRouting::CacheType "LinkCache"
default ns3::dsr::DsrRouting::StabilityDecrFactor "2"
default ns3::dsr::DsrRouting::StabilityIncrFactor "4"
default ns3::dsr::DsrRouting::InitStability "+25000000000.0ns"
default ns3::dsr::DsrRouting::MinLifeTime "+1000000000.0ns"
default ns3::dsr::DsrRouting::UseExtends "+120000000000.0ns"
default ns3::dsr::DsrRouting::EnableSubRoute "true"
default ns3::dsr::DsrRouting::RetransIncr "+20000000.0ns"
default ns3::dsr::DsrRouting::MaxNetworkQueueSize "400"
default ns3::dsr::DsrRouting::MaxNetworkQueueDelay "+30000000000.0ns"
default ns3::dsr::DsrRouting::NumPriorityQueues "2"
default ns3::dsr::DsrRouting::LinkAcknowledgment "false"
default ns3::dsdv::RoutingProtocol::PeriodicUpdateInterval "+15000000000.0ns"
default ns3::dsdv::RoutingProtocol::SettlingTime "+5000000000.0ns"
default ns3::dsdv::RoutingProtocol::MaxQueueLen "500"
default ns3::dsdv::RoutingProtocol::MaxQueuedPacketsPerDst "5"
default ns3::dsdv::RoutingProtocol::MaxQueueTime "+30000000000.0ns"
default ns3::dsdv::RoutingProtocol::EnableBuffering "true"
default ns3::dsdv::RoutingProtocol::EnableWST "true"
default ns3::dsdv::RoutingProtocol::Holdtimes "3"
default ns3::dsdv::RoutingProtocol::WeightedFactor "0.875"
default ns3::dsdv::RoutingProtocol::EnableRouteAggregation "false"
default ns3::dsdv::RoutingProtocol::RouteAggregationTime "+1000000000.0ns"
default ns3::aodv::RoutingProtocol::HelloInterval "+1000000000.0ns"
default ns3::aodv::RoutingProtocol::RreqRetries "2"
default ns3::aodv::RoutingProtocol::RreqRateLimit "10"
default ns3::aodv::RoutingProtocol::RerrRateLimit "10"
default ns3::aodv::RoutingProtocol::NodeTraversalTime "+40000000.0ns"
default ns3::aodv::RoutingProtocol::NextHopWait "+50000000.0ns"
default ns3::aodv::RoutingProtocol::ActiveRouteTimeout "+3000000000.0ns"
default ns3::aodv::RoutingProtocol::MyRouteTimeout "+11199999999.0ns"
default ns3::aodv::RoutingProtocol::BlackListTimeout "+5599999999.0ns"
default ns3::aodv::RoutingProtocol::DeletePeriod "+15000000000.0ns"
default ns3::aodv::RoutingProtocol::TimeoutBuffer "2"
default ns3::aodv::RoutingProtocol::NetDiameter "35"
default ns3::aodv::RoutingProtocol::NetTraversalTime "+2799999999.0ns"
default ns3::aodv::RoutingProtocol::PathDiscoveryTime "+5599999999.0ns"
default ns3::aodv::RoutingProtocol::MaxQueueLen "64"
default ns3::aodv::RoutingProtocol::MaxQueueTime "+30000000000.0ns"
default ns3::aodv::RoutingProtocol::AllowedHelloLoss "2"
default ns3::aodv::RoutingProtocol::GratuitousReply "true"
default ns3::aodv::RoutingProtocol::DestinationOnly "false"
default ns3::aodv::RoutingProtocol::EnableHello "true"
default ns3::aodv::RoutingProtocol::EnableBroadcast "true"
default ns3::aodv::RoutingProtocol::UniformRv "ns3::UniformRandomVariable"
default ns3::ParabolicAntennaModel::Beamwidth "60"
default ns3::ParabolicAntennaModel::Orientation "0"
default ns3::ParabolicAntennaModel::MaxAttenuation "20"
default ns3::CosineAntennaModel::Beamwidth "60"
default ns3::CosineAntennaModel::Orientation "0"
default ns3::CosineAntennaModel::MaxGain "0"
default ns3::HalfDuplexIdealPhy::Rate "1000000bps"
default ns3::AlohaNoackNetDevice::Address "12:34:56:78:90:12"
default ns3::AlohaNoackNetDevice::Mtu "1500"
default ns3::SpectrumAnalyzer::Resolution "+1000000.0ns"
default ns3::SpectrumAnalyzer::NoisePowerSpectralDensity "4.14e-21"
default ns3::WaveformGenerator::Period "+1000000000.0ns"
default ns3::WaveformGenerator::DutyCycle "0.5"
default ns3::MultiModelSpectrumChannel::MaxLossDb "1e+09"
default ns3::SingleModelSpectrumChannel::MaxLossDb "1e+09"
default ns3::ConstantSpectrumPropagationLossModel::Loss "1"
default ns3::TraceFadingLossModel::TraceFilename ""
default ns3::TraceFadingLossModel::TraceLength "+10000000000.0ns"
default ns3::TraceFadingLossModel::SamplesNum "10000"
default ns3::TraceFadingLossModel::WindowSize "+500000000.0ns"
default ns3::TraceFadingLossModel::RbNum "100"
default ns3::TraceFadingLossModel::RngStreamSetSize "200000"
default ns3::PssFfMacScheduler::CqiTimerThreshold "1000"
default ns3::PssFfMacScheduler::PssFdSchedulerType "PFsch"
default ns3::PssFfMacScheduler::nMux "0"
default ns3::PssFfMacScheduler::HarqEnabled "true"
default ns3::PssFfMacScheduler::UlGrantMcs "0"
default ns3::FfMacScheduler::UlCqiFilter "ALL_UL_CQI"
default ns3::TdTbfqFfMacScheduler::CqiTimerThreshold "1000"
default ns3::TdTbfqFfMacScheduler::DebtLimit "-625000"
default ns3::TdTbfqFfMacScheduler::CreditLimit "625000"
default ns3::TdTbfqFfMacScheduler::TokenPoolSize "1"
default ns3::TdTbfqFfMacScheduler::CreditableThreshold "0"
default ns3::TdTbfqFfMacScheduler::HarqEnabled "true"
default ns3::TdTbfqFfMacScheduler::UlGrantMcs "0"
default ns3::FdTbfqFfMacScheduler::CqiTimerThreshold "1000"
default ns3::FdTbfqFfMacScheduler::DebtLimit "-625000"
default ns3::FdTbfqFfMacScheduler::CreditLimit "625000"
default ns3::FdTbfqFfMacScheduler::TokenPoolSize "1"
default ns3::FdTbfqFfMacScheduler::CreditableThreshold "0"
default ns3::FdTbfqFfMacScheduler::HarqEnabled "true"
default ns3::FdTbfqFfMacScheduler::UlGrantMcs "0"
default ns3::TdBetFfMacScheduler::CqiTimerThreshold "1000"
default ns3::TdBetFfMacScheduler::HarqEnabled "true"
default ns3::TdBetFfMacScheduler::UlGrantMcs "0"
default ns3::FdBetFfMacScheduler::CqiTimerThreshold "1000"
default ns3::FdBetFfMacScheduler::HarqEnabled "true"
default ns3::FdBetFfMacScheduler::UlGrantMcs "0"
default ns3::TtaFfMacScheduler::CqiTimerThreshold "1000"
default ns3::TtaFfMacScheduler::HarqEnabled "true"
default ns3::TtaFfMacScheduler::UlGrantMcs "0"
default ns3::TdMtFfMacScheduler::CqiTimerThreshold "1000"
default ns3::TdMtFfMacScheduler::HarqEnabled "true"
default ns3::TdMtFfMacScheduler::UlGrantMcs "0"
default ns3::FdMtFfMacScheduler::CqiTimerThreshold "1000"
default ns3::FdMtFfMacScheduler::HarqEnabled "true"
default ns3::FdMtFfMacScheduler::UlGrantMcs "0"
default ns3::PfFfMacScheduler::CqiTimerThreshold "1000"
default ns3::PfFfMacScheduler::HarqEnabled "false"
default ns3::PfFfMacScheduler::UlGrantMcs "0"
default ns3::LteEnbMac::NumberOfRaPreambles "50"
default ns3::LteEnbMac::PreambleTransMax "50"
default ns3::LteEnbMac::RaResponseWindowSize "3"
default ns3::RrFfMacScheduler::CqiTimerThreshold "1000"
default ns3::RrFfMacScheduler::HarqEnabled "true"
default ns3::RrFfMacScheduler::UlGrantMcs "0"
default ns3::LteHexGridEnbTopologyHelper::InterSiteDistance "500"
default ns3::LteHexGridEnbTopologyHelper::SectorOffset "0.5"
default ns3::LteHexGridEnbTopologyHelper::SiteHeight "30"
default ns3::LteHexGridEnbTopologyHelper::MinX "0"
default ns3::LteHexGridEnbTopologyHelper::MinY "0"
default ns3::LteHexGridEnbTopologyHelper::GridWidth "1"
default ns3::RadioEnvironmentMapHelper::ChannelPath "/ChannelList/0"
default ns3::RadioEnvironmentMapHelper::OutputFile "rem.out"
default ns3::RadioEnvironmentMapHelper::XMin "0"
default ns3::RadioEnvironmentMapHelper::YMin "0"
default ns3::RadioEnvironmentMapHelper::XMax "1"
default ns3::RadioEnvironmentMapHelper::YMax "1"
default ns3::RadioEnvironmentMapHelper::XRes "100"
default ns3::RadioEnvironmentMapHelper::YRes "100"
default ns3::RadioEnvironmentMapHelper::Z "0"
default ns3::RadioEnvironmentMapHelper::StopWhenDone "true"
default ns3::RadioEnvironmentMapHelper::NoisePower "1.423e-10"
default ns3::RadioEnvironmentMapHelper::MaxPointsPerIteration "20000"
default ns3::RadioEnvironmentMapHelper::Earfcn "100"
default ns3::RadioEnvironmentMapHelper::Bandwidth "25"
default ns3::PhyRxStatsCalculator::DlRxOutputFilename "DlRxPhyStats.txt"
default ns3::PhyRxStatsCalculator::UlRxOutputFilename "UlRxPhyStats.txt"
default ns3::PhyTxStatsCalculator::DlTxOutputFilename "DlTxPhyStats.txt"
default ns3::PhyTxStatsCalculator::UlTxOutputFilename "UlTxPhyStats.txt"
default ns3::MacStatsCalculator::DlOutputFilename "DlMacStats.txt"
default ns3::MacStatsCalculator::UlOutputFilename "UlMacStats.txt"
default ns3::PhyStatsCalculator::DlRsrpSinrFilename "DlRsrpSinrStats.txt"
default ns3::PhyStatsCalculator::UlSinrFilename "UlSinrStats.txt"
default ns3::PhyStatsCalculator::UlInterferenceFilename "UlInterferenceStats.txt"
default ns3::RadioBearerStatsCalculator::StartTime "+0.0ns"
default ns3::RadioBearerStatsCalculator::EpochDuration "+250000000.0ns"
default ns3::RadioBearerStatsCalculator::DlRlcOutputFilename "DlRlcStats.txt"
default ns3::RadioBearerStatsCalculator::UlRlcOutputFilename "UlRlcStats.txt"
default ns3::RadioBearerStatsCalculator::DlPdcpOutputFilename "DlPdcpStats.txt"
default ns3::RadioBearerStatsCalculator::UlPdcpOutputFilename "UlPdcpStats.txt"
default ns3::EpcHelper::S1uLinkDataRate "10000000000bps"
default ns3::EpcHelper::S1uLinkDelay "+0.0ns"
default ns3::EpcHelper::S1uLinkMtu "2000"
default ns3::EpcHelper::X2LinkDataRate "10000000000bps"
default ns3::EpcHelper::X2LinkDelay "+0.0ns"
default ns3::EpcHelper::X2LinkMtu "3000"
default ns3::LteHelper::Scheduler "ns3::PfFfMacScheduler"
default ns3::LteHelper::PathlossModel "ns3::FriisPropagationLossModel"
default ns3::LteHelper::FadingModel ""
default ns3::LteHelper::UseIdealRrc "true"
default ns3::LteNetDevice::Mtu "30000"
default ns3::LteEnbNetDevice::UlBandwidth "100"
default ns3::LteEnbNetDevice::DlBandwidth "100"
default ns3::LteEnbNetDevice::CellId "0"
default ns3::LteEnbNetDevice::DlEarfcn "100"
default ns3::LteEnbNetDevice::UlEarfcn "18100"
default ns3::LteRlcAm::PollRetransmitTimer "+100000000.0ns"
default ns3::LteRlcUm::MaxTxBufferSize "28900"
default ns3::LteRlcTm::MaxTxBufferSize "2097152"
default ns3::LteEnbRrc::DefaultTransmissionMode "0"
default ns3::LteEnbRrc::EpsBearerToRlcMapping "RlcUmAlways"
default ns3::LteEnbRrc::SystemInformationPeriodicity "+80000000.0ns"
default ns3::LteEnbRrc::SrsPeriodicity "40"
default ns3::LteEnbRrc::ConnectionTimeoutDuration "+15000000.0ns"
default ns3::LteEnbRrc::ConnectionRejectedTimeoutDuration "+30000000.0ns"
default ns3::LteEnbRrc::HandoverJoiningTimeoutDuration "+200000000.0ns"
default ns3::LteEnbRrc::HandoverLeavingTimeoutDuration "+500000000.0ns"
default ns3::LteEnbRrc::AdmitHandoverRequest "true"
default ns3::LteEnbRrc::AdmitRrcConnectionRequest "true"
default ns3::LteEnbRrc::EventA2Threshold "34"
default ns3::LteEnbRrc::EventA4Threshold "0"
default ns3::LteEnbRrc::ServingCellHandoverThreshold "15"
default ns3::LteEnbRrc::NeighbourCellHandoverOffset "1"
default ns3::LteAmc::Ber "5e-05"
default ns3::LteAmc::AmcModel "Vienna"
default ns3::LteUePhy::TxPower "10"
default ns3::LteUePhy::NoiseFigure "9"
default ns3::LteUePhy::TxMode1Gain "0"
default ns3::LteUePhy::TxMode2Gain "4.2"
default ns3::LteUePhy::TxMode3Gain "-2.8"
default ns3::LteUePhy::TxMode4Gain "0"
default ns3::LteUePhy::TxMode5Gain "0"
default ns3::LteUePhy::TxMode6Gain "0"
default ns3::LteUePhy::TxMode7Gain "0"
default ns3::LteUePhy::RsrpSinrSamplePeriod "1"
default ns3::LteUePhy::RsrqUeMeasThreshold "-1000"
default ns3::LteUePhy::UeMeasurementsFilterPeriod "+200000000.0ns"
default ns3::LteEnbPhy::TxPower "30"
default ns3::LteEnbPhy::NoiseFigure "1"
default ns3::LteEnbPhy::MacToChannelDelay "2"
default ns3::LteEnbPhy::UeSinrSamplePeriod "1"
default ns3::LteEnbPhy::InterferenceSamplePeriod "1"
default ns3::LteSpectrumPhy::DataErrorModelEnabled "false"
default ns3::LteSpectrumPhy::CtrlErrorModelEnabled "false"
default ns3::Ns3NscStack<linux2.6.26>::net.core.wmem_max "131071"
default ns3::Ns3NscStack<linux2.6.26>::net.core.rmem_max "131071"
default ns3::Ns3NscStack<linux2.6.26>::net.ipv4.tcp_timestamps "1"
default ns3::Ns3NscStack<linux2.6.26>::net.ipv4.tcp_window_scaling "1"
default ns3::Ns3NscStack<linux2.6.26>::net.ipv4.tcp_sack "1"
default ns3::Ns3NscStack<linux2.6.26>::net.ipv4.tcp_retrans_collapse "1"
default ns3::Ns3NscStack<linux2.6.26>::net.ipv4.ip_default_ttl "64"
default ns3::Ns3NscStack<linux2.6.26>::net.ipv4.ip_no_pmtu_disc "0"
default ns3::Ns3NscStack<linux2.6.26>::net.ipv4.tcp_syn_retries "5"
default ns3::Ns3NscStack<linux2.6.26>::net.ipv4.tcp_synack_retries "5"
default ns3::Ns3NscStack<linux2.6.26>::net.ipv4.tcp_max_orphans "8192"
default ns3::Ns3NscStack<linux2.6.26>::net.ipv4.tcp_max_tw_buckets "180000"
default ns3::Ns3NscStack<linux2.6.26>::net.ipv4.ipfrag_high_thresh "262144"
default ns3::Ns3NscStack<linux2.6.26>::net.ipv4.ipfrag_low_thresh "196608"
default ns3::Ns3NscStack<linux2.6.26>::net.ipv4.ipfrag_time "30"
default ns3::Ns3NscStack<linux2.6.26>::net.ipv4.tcp_keepalive_time "7200"
default ns3::Ns3NscStack<linux2.6.26>::net.ipv4.tcp_keepalive_intvl "75"
default ns3::Ns3NscStack<linux2.6.26>::net.ipv4.tcp_retries1 "3"
default ns3::Ns3NscStack<linux2.6.26>::net.ipv4.tcp_retries2 "15"
default ns3::Ns3NscStack<linux2.6.26>::net.ipv4.tcp_fin_timeout "60"
default ns3::Ns3NscStack<linux2.6.26>::net.ipv4.tcp_syncookies "0"
default ns3::Ns3NscStack<linux2.6.26>::net.ipv4.tcp_tw_recycle "0"
default ns3::Ns3NscStack<linux2.6.26>::net.ipv4.tcp_abort_on_overflow "0"
default ns3::Ns3NscStack<linux2.6.26>::net.ipv4.tcp_stdurg "0"
default ns3::Ns3NscStack<linux2.6.26>::net.ipv4.tcp_rfc1337 "0"
default ns3::Ns3NscStack<linux2.6.26>::net.ipv4.tcp_max_syn_backlog "1024"
default ns3::Ns3NscStack<linux2.6.26>::net.ipv4.ip_local_port_range "32768 61000"
default ns3::Ns3NscStack<linux2.6.26>::net.ipv4.icmp_echo_ignore_all "0"
default ns3::Ns3NscStack<linux2.6.26>::net.ipv4.icmp_echo_ignore_broadcasts "1"
default ns3::Ns3NscStack<linux2.6.26>::net.ipv4.icmp_ignore_bogus_error_responses "1"
default ns3::Ns3NscStack<linux2.6.26>::net.ipv4.icmp_errors_use_inbound_ifaddr "0"
default ns3::Ns3NscStack<linux2.6.26>::net.ipv4.igmp_max_msf "10"
default ns3::Ns3NscStack<linux2.6.26>::net.ipv4.inet_peer_threshold "4104"
default ns3::Ns3NscStack<linux2.6.26>::net.ipv4.inet_peer_minttl "120"
default ns3::Ns3NscStack<linux2.6.26>::net.ipv4.inet_peer_maxttl "600"
default ns3::Ns3NscStack<linux2.6.26>::net.ipv4.inet_peer_gc_mintime "10"
default ns3::Ns3NscStack<linux2.6.26>::net.ipv4.inet_peer_gc_maxtime "120"
default ns3::Ns3NscStack<linux2.6.26>::net.ipv4.tcp_orphan_retries "0"
default ns3::Ns3NscStack<linux2.6.26>::net.ipv4.tcp_fack "1"
default ns3::Ns3NscStack<linux2.6.26>::net.ipv4.tcp_reordering "3"
default ns3::Ns3NscStack<linux2.6.26>::net.ipv4.tcp_ecn "0"
default ns3::Ns3NscStack<linux2.6.26>::net.ipv4.tcp_dsack "1"
default ns3::Ns3NscStack<linux2.6.26>::net.ipv4.tcp_mem "37440 49920 74880"
default ns3::Ns3NscStack<linux2.6.26>::net.ipv4.tcp_wmem "4096 16384 1597440"
default ns3::Ns3NscStack<linux2.6.26>::net.ipv4.tcp_rmem "4096 87380 1597440"
default ns3::Ns3NscStack<linux2.6.26>::net.ipv4.tcp_app_win "31"
default ns3::Ns3NscStack<linux2.6.26>::net.ipv4.tcp_adv_win_scale "2"
default ns3::Ns3NscStack<linux2.6.26>::net.ipv4.icmp_ratelimit "1000"
default ns3::Ns3NscStack<linux2.6.26>::net.ipv4.icmp_ratemask "6168"
default ns3::Ns3NscStack<linux2.6.26>::net.ipv4.tcp_tw_reuse "0"
default ns3::Ns3NscStack<linux2.6.26>::net.ipv4.tcp_frto "2"
default ns3::Ns3NscStack<linux2.6.26>::net.ipv4.tcp_low_latency "0"
default ns3::Ns3NscStack<linux2.6.26>::net.ipv4.ipfrag_secret_interval "600"
default ns3::Ns3NscStack<linux2.6.26>::net.ipv4.tcp_no_metrics_save "0"
default ns3::Ns3NscStack<linux2.6.26>::net.ipv4.tcp_moderate_rcvbuf "1"
default ns3::Ns3NscStack<linux2.6.26>::net.ipv4.tcp_tso_win_divisor "3"
default ns3::Ns3NscStack<linux2.6.26>::net.ipv4.tcp_congestion_control "cubic"
default ns3::Ns3NscStack<linux2.6.26>::net.ipv4.tcp_abc "0"
default ns3::Ns3NscStack<linux2.6.26>::net.ipv4.tcp_mtu_probing "0"
default ns3::Ns3NscStack<linux2.6.26>::net.ipv4.tcp_base_mss "512"
default ns3::Ns3NscStack<linux2.6.26>::net.ipv4.tcp_workaround_signed_windows "0"
default ns3::Ns3NscStack<linux2.6.26>::net.ipv4.tcp_slow_start_after_idle "1"
global RngSeed "1"
global RngRun "1"
global SimulatorImplementationType "ns3::DefaultSimulatorImpl"
global SchedulerType "ns3::MapScheduler"
global ChecksumEnabled "false"
value /$ns3::NodeListPriv/NodeList/0/$ns3::Node/DeviceList/1/$ns3::VirtualNetDevice/Mtu "30000"
value /$ns3::NodeListPriv/NodeList/0/$ns3::Node/DeviceList/2/$ns3::PointToPointNetDevice/Mtu "1500"
value /$ns3::NodeListPriv/NodeList/0/$ns3::Node/DeviceList/2/$ns3::PointToPointNetDevice/Address "00:00:00:00:00:02"
value /$ns3::NodeListPriv/NodeList/0/$ns3::Node/DeviceList/2/$ns3::PointToPointNetDevice/DataRate "1000000000bps"
value /$ns3::NodeListPriv/NodeList/0/$ns3::Node/DeviceList/2/$ns3::PointToPointNetDevice/InterframeGap "+0.0ns"
value /$ns3::NodeListPriv/NodeList/0/$ns3::Node/DeviceList/2/$ns3::PointToPointNetDevice/TxQueue/$ns3::DropTailQueue/MaxPackets "10000"
value /$ns3::NodeListPriv/NodeList/0/$ns3::Node/DeviceList/2/$ns3::PointToPointNetDevice/TxQueue/$ns3::DropTailQueue/MaxBytes "999999"
value /$ns3::NodeListPriv/NodeList/0/$ns3::Node/DeviceList/3/$ns3::PointToPointNetDevice/Mtu "1500"
value /$ns3::NodeListPriv/NodeList/0/$ns3::Node/DeviceList/3/$ns3::PointToPointNetDevice/Address "00:00:00:00:00:05"
value /$ns3::NodeListPriv/NodeList/0/$ns3::Node/DeviceList/3/$ns3::PointToPointNetDevice/DataRate "1000000000bps"
value /$ns3::NodeListPriv/NodeList/0/$ns3::Node/DeviceList/3/$ns3::PointToPointNetDevice/InterframeGap "+0.0ns"
value /$ns3::NodeListPriv/NodeList/0/$ns3::Node/DeviceList/3/$ns3::PointToPointNetDevice/TxQueue/$ns3::DropTailQueue/MaxPackets "10000"
value /$ns3::NodeListPriv/NodeList/0/$ns3::Node/DeviceList/3/$ns3::PointToPointNetDevice/TxQueue/$ns3::DropTailQueue/MaxBytes "999999"
value /$ns3::NodeListPriv/NodeList/0/$ns3::Node/SystemId "0"
value /$ns3::NodeListPriv/NodeList/0/$ns3::Node/$ns3::Ipv4L3Protocol/DefaultTos "0"
value /$ns3::NodeListPriv/NodeList/0/$ns3::Node/$ns3::Ipv4L3Protocol/DefaultTtl "64"
value /$ns3::NodeListPriv/NodeList/0/$ns3::Node/$ns3::Ipv4L3Protocol/FragmentExpirationTimeout "+30000000000.0ns"
value /$ns3::NodeListPriv/NodeList/0/$ns3::Node/$ns3::Ipv4L3Protocol/IpForward "true"
value /$ns3::NodeListPriv/NodeList/0/$ns3::Node/$ns3::Ipv4L3Protocol/WeakEsModel "true"
value /$ns3::NodeListPriv/NodeList/0/$ns3::Node/$ns3::Ipv6L3Protocol/DefaultTtl "64"
value /$ns3::NodeListPriv/NodeList/0/$ns3::Node/$ns3::Ipv6L3Protocol/DefaultTclass "0"
value /$ns3::NodeListPriv/NodeList/0/$ns3::Node/$ns3::Ipv6L3Protocol/SendIcmpv6Redirect "true"
value /$ns3::NodeListPriv/NodeList/0/$ns3::Node/$ns3::Ipv6L3Protocol/IpForward "false"
value /$ns3::NodeListPriv/NodeList/0/$ns3::Node/$ns3::Icmpv6L4Protocol/DAD "true"
value /$ns3::NodeListPriv/NodeList/0/$ns3::Node/$ns3::UdpL4Protocol/SocketList/0/$ns3::UdpSocketImpl/IcmpCallback "0"
value /$ns3::NodeListPriv/NodeList/0/$ns3::Node/$ns3::UdpL4Protocol/SocketList/0/$ns3::UdpSocketImpl/IcmpCallback6 "0"
value /$ns3::NodeListPriv/NodeList/0/$ns3::Node/$ns3::UdpL4Protocol/SocketList/0/$ns3::UdpSocketImpl/RcvBufSize "131072"
value /$ns3::NodeListPriv/NodeList/0/$ns3::Node/$ns3::UdpL4Protocol/SocketList/0/$ns3::UdpSocketImpl/IpTtl "0"
value /$ns3::NodeListPriv/NodeList/0/$ns3::Node/$ns3::UdpL4Protocol/SocketList/0/$ns3::UdpSocketImpl/IpMulticastTtl "0"
value /$ns3::NodeListPriv/NodeList/0/$ns3::Node/$ns3::UdpL4Protocol/SocketList/0/$ns3::UdpSocketImpl/IpMulticastIf "-1"
value /$ns3::NodeListPriv/NodeList/0/$ns3::Node/$ns3::UdpL4Protocol/SocketList/0/$ns3::UdpSocketImpl/IpMulticastLoop "false"
value /$ns3::NodeListPriv/NodeList/0/$ns3::Node/$ns3::UdpL4Protocol/SocketList/0/$ns3::UdpSocketImpl/MtuDiscover "false"
value /$ns3::NodeListPriv/NodeList/0/$ns3::Node/$ns3::TcpL4Protocol/RttEstimatorType "ns3::RttMeanDeviation"
value /$ns3::NodeListPriv/NodeList/0/$ns3::Node/$ns3::TcpL4Protocol/SocketType "ns3::TcpTahoe"
value /$ns3::NodeListPriv/NodeList/1/$ns3::Node/DeviceList/1/$ns3::PointToPointNetDevice/Mtu "1500"
value /$ns3::NodeListPriv/NodeList/1/$ns3::Node/DeviceList/1/$ns3::PointToPointNetDevice/Address "00:00:00:00:00:03"
value /$ns3::NodeListPriv/NodeList/1/$ns3::Node/DeviceList/1/$ns3::PointToPointNetDevice/DataRate "1000000000bps"
value /$ns3::NodeListPriv/NodeList/1/$ns3::Node/DeviceList/1/$ns3::PointToPointNetDevice/InterframeGap "+0.0ns"
value /$ns3::NodeListPriv/NodeList/1/$ns3::Node/DeviceList/1/$ns3::PointToPointNetDevice/TxQueue/$ns3::DropTailQueue/MaxPackets "10000"
value /$ns3::NodeListPriv/NodeList/1/$ns3::Node/DeviceList/1/$ns3::PointToPointNetDevice/TxQueue/$ns3::DropTailQueue/MaxBytes "999999"
value /$ns3::NodeListPriv/NodeList/1/$ns3::Node/ApplicationList/0/$ns3::OnOffApplication/DataRate "100000000bps"
value /$ns3::NodeListPriv/NodeList/1/$ns3::Node/ApplicationList/0/$ns3::OnOffApplication/PacketSize "900"
value /$ns3::NodeListPriv/NodeList/1/$ns3::Node/ApplicationList/0/$ns3::OnOffApplication/Remote "02-06-07:00:00:02:d1:07"
value /$ns3::NodeListPriv/NodeList/1/$ns3::Node/ApplicationList/0/$ns3::OnOffApplication/OnTime/$ns3::ConstantRandomVariable/Constant "1000"
value /$ns3::NodeListPriv/NodeList/1/$ns3::Node/ApplicationList/0/$ns3::OnOffApplication/OnTime/$ns3::ConstantRandomVariable/Stream "-1"
value /$ns3::NodeListPriv/NodeList/1/$ns3::Node/ApplicationList/0/$ns3::OnOffApplication/OnTime/$ns3::ConstantRandomVariable/Antithetic "false"
value /$ns3::NodeListPriv/NodeList/1/$ns3::Node/ApplicationList/0/$ns3::OnOffApplication/OffTime/$ns3::ConstantRandomVariable/Constant "0"
value /$ns3::NodeListPriv/NodeList/1/$ns3::Node/ApplicationList/0/$ns3::OnOffApplication/OffTime/$ns3::ConstantRandomVariable/Stream "-1"
value /$ns3::NodeListPriv/NodeList/1/$ns3::Node/ApplicationList/0/$ns3::OnOffApplication/OffTime/$ns3::ConstantRandomVariable/Antithetic "false"
value /$ns3::NodeListPriv/NodeList/1/$ns3::Node/ApplicationList/0/$ns3::OnOffApplication/MaxBytes "0"
value /$ns3::NodeListPriv/NodeList/1/$ns3::Node/ApplicationList/0/$ns3::OnOffApplication/Protocol "ns3::TcpSocketFactory"
value /$ns3::NodeListPriv/NodeList/1/$ns3::Node/ApplicationList/0/$ns3::OnOffApplication/StartTime "+500000000.0ns"
value /$ns3::NodeListPriv/NodeList/1/$ns3::Node/ApplicationList/0/$ns3::OnOffApplication/StopTime "+0.0ns"
value /$ns3::NodeListPriv/NodeList/1/$ns3::Node/SystemId "0"
value /$ns3::NodeListPriv/NodeList/1/$ns3::Node/$ns3::Ipv4L3Protocol/DefaultTos "0"
value /$ns3::NodeListPriv/NodeList/1/$ns3::Node/$ns3::Ipv4L3Protocol/DefaultTtl "64"
value /$ns3::NodeListPriv/NodeList/1/$ns3::Node/$ns3::Ipv4L3Protocol/FragmentExpirationTimeout "+30000000000.0ns"
value /$ns3::NodeListPriv/NodeList/1/$ns3::Node/$ns3::Ipv4L3Protocol/IpForward "true"
value /$ns3::NodeListPriv/NodeList/1/$ns3::Node/$ns3::Ipv4L3Protocol/WeakEsModel "true"
value /$ns3::NodeListPriv/NodeList/1/$ns3::Node/$ns3::Ipv6L3Protocol/DefaultTtl "64"
value /$ns3::NodeListPriv/NodeList/1/$ns3::Node/$ns3::Ipv6L3Protocol/DefaultTclass "0"
value /$ns3::NodeListPriv/NodeList/1/$ns3::Node/$ns3::Ipv6L3Protocol/SendIcmpv6Redirect "true"
value /$ns3::NodeListPriv/NodeList/1/$ns3::Node/$ns3::Ipv6L3Protocol/IpForward "false"
value /$ns3::NodeListPriv/NodeList/1/$ns3::Node/$ns3::Ns3NscStack<linux2.6.26>/net.core.wmem_max "131071"
value /$ns3::NodeListPriv/NodeList/1/$ns3::Node/$ns3::Ns3NscStack<linux2.6.26>/net.core.rmem_max "131071"
value /$ns3::NodeListPriv/NodeList/1/$ns3::Node/$ns3::Ns3NscStack<linux2.6.26>/net.ipv4.tcp_timestamps "0"
value /$ns3::NodeListPriv/NodeList/1/$ns3::Node/$ns3::Ns3NscStack<linux2.6.26>/net.ipv4.tcp_window_scaling "0"
value /$ns3::NodeListPriv/NodeList/1/$ns3::Node/$ns3::Ns3NscStack<linux2.6.26>/net.ipv4.tcp_sack "0"
value /$ns3::NodeListPriv/NodeList/1/$ns3::Node/$ns3::Ns3NscStack<linux2.6.26>/net.ipv4.tcp_retrans_collapse "1"
value /$ns3::NodeListPriv/NodeList/1/$ns3::Node/$ns3::Ns3NscStack<linux2.6.26>/net.ipv4.ip_default_ttl "64"
value /$ns3::NodeListPriv/NodeList/1/$ns3::Node/$ns3::Ns3NscStack<linux2.6.26>/net.ipv4.ip_no_pmtu_disc "0"
value /$ns3::NodeListPriv/NodeList/1/$ns3::Node/$ns3::Ns3NscStack<linux2.6.26>/net.ipv4.tcp_syn_retries "5"
value /$ns3::NodeListPriv/NodeList/1/$ns3::Node/$ns3::Ns3NscStack<linux2.6.26>/net.ipv4.tcp_synack_retries "5"
value /$ns3::NodeListPriv/NodeList/1/$ns3::Node/$ns3::Ns3NscStack<linux2.6.26>/net.ipv4.tcp_max_orphans "8192"
value /$ns3::NodeListPriv/NodeList/1/$ns3::Node/$ns3::Ns3NscStack<linux2.6.26>/net.ipv4.tcp_max_tw_buckets "180000"
value /$ns3::NodeListPriv/NodeList/1/$ns3::Node/$ns3::Ns3NscStack<linux2.6.26>/net.ipv4.ipfrag_high_thresh "262144"
value /$ns3::NodeListPriv/NodeList/1/$ns3::Node/$ns3::Ns3NscStack<linux2.6.26>/net.ipv4.ipfrag_low_thresh "196608"
value /$ns3::NodeListPriv/NodeList/1/$ns3::Node/$ns3::Ns3NscStack<linux2.6.26>/net.ipv4.ipfrag_time "30"
value /$ns3::NodeListPriv/NodeList/1/$ns3::Node/$ns3::Ns3NscStack<linux2.6.26>/net.ipv4.tcp_keepalive_time "7200"
value /$ns3::NodeListPriv/NodeList/1/$ns3::Node/$ns3::Ns3NscStack<linux2.6.26>/net.ipv4.tcp_keepalive_intvl "75"
value /$ns3::NodeListPriv/NodeList/1/$ns3::Node/$ns3::Ns3NscStack<linux2.6.26>/net.ipv4.tcp_retries1 "3"
value /$ns3::NodeListPriv/NodeList/1/$ns3::Node/$ns3::Ns3NscStack<linux2.6.26>/net.ipv4.tcp_retries2 "15"
value /$ns3::NodeListPriv/NodeList/1/$ns3::Node/$ns3::Ns3NscStack<linux2.6.26>/net.ipv4.tcp_fin_timeout "60"
value /$ns3::NodeListPriv/NodeList/1/$ns3::Node/$ns3::Ns3NscStack<linux2.6.26>/net.ipv4.tcp_syncookies "0"
value /$ns3::NodeListPriv/NodeList/1/$ns3::Node/$ns3::Ns3NscStack<linux2.6.26>/net.ipv4.tcp_tw_recycle "0"
value /$ns3::NodeListPriv/NodeList/1/$ns3::Node/$ns3::Ns3NscStack<linux2.6.26>/net.ipv4.tcp_abort_on_overflow "0"
value /$ns3::NodeListPriv/NodeList/1/$ns3::Node/$ns3::Ns3NscStack<linux2.6.26>/net.ipv4.tcp_stdurg "0"
value /$ns3::NodeListPriv/NodeList/1/$ns3::Node/$ns3::Ns3NscStack<linux2.6.26>/net.ipv4.tcp_rfc1337 "0"
value /$ns3::NodeListPriv/NodeList/1/$ns3::Node/$ns3::Ns3NscStack<linux2.6.26>/net.ipv4.tcp_max_syn_backlog "1024"
value /$ns3::NodeListPriv/NodeList/1/$ns3::Node/$ns3::Ns3NscStack<linux2.6.26>/net.ipv4.ip_local_port_range "32768 61000"
value /$ns3::NodeListPriv/NodeList/1/$ns3::Node/$ns3::Ns3NscStack<linux2.6.26>/net.ipv4.icmp_echo_ignore_all "0"
value /$ns3::NodeListPriv/NodeList/1/$ns3::Node/$ns3::Ns3NscStack<linux2.6.26>/net.ipv4.icmp_echo_ignore_broadcasts "1"
value /$ns3::NodeListPriv/NodeList/1/$ns3::Node/$ns3::Ns3NscStack<linux2.6.26>/net.ipv4.icmp_ignore_bogus_error_responses "1"
value /$ns3::NodeListPriv/NodeList/1/$ns3::Node/$ns3::Ns3NscStack<linux2.6.26>/net.ipv4.icmp_errors_use_inbound_ifaddr "0"
value /$ns3::NodeListPriv/NodeList/1/$ns3::Node/$ns3::Ns3NscStack<linux2.6.26>/net.ipv4.igmp_max_msf "10"
value /$ns3::NodeListPriv/NodeList/1/$ns3::Node/$ns3::Ns3NscStack<linux2.6.26>/net.ipv4.inet_peer_threshold "4104"
value /$ns3::NodeListPriv/NodeList/1/$ns3::Node/$ns3::Ns3NscStack<linux2.6.26>/net.ipv4.inet_peer_minttl "120"
value /$ns3::NodeListPriv/NodeList/1/$ns3::Node/$ns3::Ns3NscStack<linux2.6.26>/net.ipv4.inet_peer_maxttl "600"
value /$ns3::NodeListPriv/NodeList/1/$ns3::Node/$ns3::Ns3NscStack<linux2.6.26>/net.ipv4.inet_peer_gc_mintime "10"
value /$ns3::NodeListPriv/NodeList/1/$ns3::Node/$ns3::Ns3NscStack<linux2.6.26>/net.ipv4.inet_peer_gc_maxtime "120"
value /$ns3::NodeListPriv/NodeList/1/$ns3::Node/$ns3::Ns3NscStack<linux2.6.26>/net.ipv4.tcp_orphan_retries "0"
value /$ns3::NodeListPriv/NodeList/1/$ns3::Node/$ns3::Ns3NscStack<linux2.6.26>/net.ipv4.tcp_fack "1"
value /$ns3::NodeListPriv/NodeList/1/$ns3::Node/$ns3::Ns3NscStack<linux2.6.26>/net.ipv4.tcp_reordering "3"
value /$ns3::NodeListPriv/NodeList/1/$ns3::Node/$ns3::Ns3NscStack<linux2.6.26>/net.ipv4.tcp_ecn "0"
value /$ns3::NodeListPriv/NodeList/1/$ns3::Node/$ns3::Ns3NscStack<linux2.6.26>/net.ipv4.tcp_dsack "1"
value /$ns3::NodeListPriv/NodeList/1/$ns3::Node/$ns3::Ns3NscStack<linux2.6.26>/net.ipv4.tcp_mem "37440 49920 74880"
value /$ns3::NodeListPriv/NodeList/1/$ns3::Node/$ns3::Ns3NscStack<linux2.6.26>/net.ipv4.tcp_wmem "4096 16384 1597440"
value /$ns3::NodeListPriv/NodeList/1/$ns3::Node/$ns3::Ns3NscStack<linux2.6.26>/net.ipv4.tcp_rmem "4096 87380 1597440"
value /$ns3::NodeListPriv/NodeList/1/$ns3::Node/$ns3::Ns3NscStack<linux2.6.26>/net.ipv4.tcp_app_win "31"
value /$ns3::NodeListPriv/NodeList/1/$ns3::Node/$ns3::Ns3NscStack<linux2.6.26>/net.ipv4.tcp_adv_win_scale "2"
value /$ns3::NodeListPriv/NodeList/1/$ns3::Node/$ns3::Ns3NscStack<linux2.6.26>/net.ipv4.icmp_ratelimit "1000"
value /$ns3::NodeListPriv/NodeList/1/$ns3::Node/$ns3::Ns3NscStack<linux2.6.26>/net.ipv4.icmp_ratemask "6168"
value /$ns3::NodeListPriv/NodeList/1/$ns3::Node/$ns3::Ns3NscStack<linux2.6.26>/net.ipv4.tcp_tw_reuse "0"
value /$ns3::NodeListPriv/NodeList/1/$ns3::Node/$ns3::Ns3NscStack<linux2.6.26>/net.ipv4.tcp_frto "2"
value /$ns3::NodeListPriv/NodeList/1/$ns3::Node/$ns3::Ns3NscStack<linux2.6.26>/net.ipv4.tcp_low_latency "0"
value /$ns3::NodeListPriv/NodeList/1/$ns3::Node/$ns3::Ns3NscStack<linux2.6.26>/net.ipv4.ipfrag_secret_interval "600"
value /$ns3::NodeListPriv/NodeList/1/$ns3::Node/$ns3::Ns3NscStack<linux2.6.26>/net.ipv4.tcp_no_metrics_save "0"
value /$ns3::NodeListPriv/NodeList/1/$ns3::Node/$ns3::Ns3NscStack<linux2.6.26>/net.ipv4.tcp_moderate_rcvbuf "1"
value /$ns3::NodeListPriv/NodeList/1/$ns3::Node/$ns3::Ns3NscStack<linux2.6.26>/net.ipv4.tcp_tso_win_divisor "3"
value /$ns3::NodeListPriv/NodeList/1/$ns3::Node/$ns3::Ns3NscStack<linux2.6.26>/net.ipv4.tcp_congestion_control "cubic"
value /$ns3::NodeListPriv/NodeList/1/$ns3::Node/$ns3::Ns3NscStack<linux2.6.26>/net.ipv4.tcp_abc "0"
value /$ns3::NodeListPriv/NodeList/1/$ns3::Node/$ns3::Ns3NscStack<linux2.6.26>/net.ipv4.tcp_mtu_probing "0"
value /$ns3::NodeListPriv/NodeList/1/$ns3::Node/$ns3::Ns3NscStack<linux2.6.26>/net.ipv4.tcp_base_mss "512"
value /$ns3::NodeListPriv/NodeList/1/$ns3::Node/$ns3::Ns3NscStack<linux2.6.26>/net.ipv4.tcp_workaround_signed_windows "0"
value /$ns3::NodeListPriv/NodeList/1/$ns3::Node/$ns3::Ns3NscStack<linux2.6.26>/net.ipv4.tcp_slow_start_after_idle "1"
value /$ns3::NodeListPriv/NodeList/1/$ns3::Node/$ns3::Icmpv6L4Protocol/DAD "true"
value /$ns3::NodeListPriv/NodeList/2/$ns3::Node/DeviceList/0/$ns3::LteEnbNetDevice/LteEnbRrc/$ns3::LteEnbRrc/DefaultTransmissionMode "0"
value /$ns3::NodeListPriv/NodeList/2/$ns3::Node/DeviceList/0/$ns3::LteEnbNetDevice/LteEnbRrc/$ns3::LteEnbRrc/EpsBearerToRlcMapping "RlcUmAlways"
value /$ns3::NodeListPriv/NodeList/2/$ns3::Node/DeviceList/0/$ns3::LteEnbNetDevice/LteEnbRrc/$ns3::LteEnbRrc/SystemInformationPeriodicity "+80000000.0ns"
value /$ns3::NodeListPriv/NodeList/2/$ns3::Node/DeviceList/0/$ns3::LteEnbNetDevice/LteEnbRrc/$ns3::LteEnbRrc/SrsPeriodicity "40"
value /$ns3::NodeListPriv/NodeList/2/$ns3::Node/DeviceList/0/$ns3::LteEnbNetDevice/LteEnbRrc/$ns3::LteEnbRrc/ConnectionTimeoutDuration "+15000000.0ns"
value /$ns3::NodeListPriv/NodeList/2/$ns3::Node/DeviceList/0/$ns3::LteEnbNetDevice/LteEnbRrc/$ns3::LteEnbRrc/ConnectionRejectedTimeoutDuration "+30000000.0ns"
value /$ns3::NodeListPriv/NodeList/2/$ns3::Node/DeviceList/0/$ns3::LteEnbNetDevice/LteEnbRrc/$ns3::LteEnbRrc/HandoverJoiningTimeoutDuration "+200000000.0ns"
value /$ns3::NodeListPriv/NodeList/2/$ns3::Node/DeviceList/0/$ns3::LteEnbNetDevice/LteEnbRrc/$ns3::LteEnbRrc/HandoverLeavingTimeoutDuration "+500000000.0ns"
value /$ns3::NodeListPriv/NodeList/2/$ns3::Node/DeviceList/0/$ns3::LteEnbNetDevice/LteEnbRrc/$ns3::LteEnbRrc/AdmitHandoverRequest "true"
value /$ns3::NodeListPriv/NodeList/2/$ns3::Node/DeviceList/0/$ns3::LteEnbNetDevice/LteEnbRrc/$ns3::LteEnbRrc/AdmitRrcConnectionRequest "true"
value /$ns3::NodeListPriv/NodeList/2/$ns3::Node/DeviceList/0/$ns3::LteEnbNetDevice/LteEnbRrc/$ns3::LteEnbRrc/EventA2Threshold "34"
value /$ns3::NodeListPriv/NodeList/2/$ns3::Node/DeviceList/0/$ns3::LteEnbNetDevice/LteEnbRrc/$ns3::LteEnbRrc/EventA4Threshold "0"
value /$ns3::NodeListPriv/NodeList/2/$ns3::Node/DeviceList/0/$ns3::LteEnbNetDevice/LteEnbRrc/$ns3::LteEnbRrc/ServingCellHandoverThreshold "15"
value /$ns3::NodeListPriv/NodeList/2/$ns3::Node/DeviceList/0/$ns3::LteEnbNetDevice/LteEnbRrc/$ns3::LteEnbRrc/NeighbourCellHandoverOffset "1"
value /$ns3::NodeListPriv/NodeList/2/$ns3::Node/DeviceList/0/$ns3::LteEnbNetDevice/LteEnbMac/$ns3::LteEnbMac/NumberOfRaPreambles "50"
value /$ns3::NodeListPriv/NodeList/2/$ns3::Node/DeviceList/0/$ns3::LteEnbNetDevice/LteEnbMac/$ns3::LteEnbMac/PreambleTransMax "50"
value /$ns3::NodeListPriv/NodeList/2/$ns3::Node/DeviceList/0/$ns3::LteEnbNetDevice/LteEnbMac/$ns3::LteEnbMac/RaResponseWindowSize "3"
value /$ns3::NodeListPriv/NodeList/2/$ns3::Node/DeviceList/0/$ns3::LteEnbNetDevice/FfMacScheduler/$ns3::PfFfMacScheduler/CqiTimerThreshold "1000"
value /$ns3::NodeListPriv/NodeList/2/$ns3::Node/DeviceList/0/$ns3::LteEnbNetDevice/FfMacScheduler/$ns3::PfFfMacScheduler/HarqEnabled "false"
value /$ns3::NodeListPriv/NodeList/2/$ns3::Node/DeviceList/0/$ns3::LteEnbNetDevice/FfMacScheduler/$ns3::PfFfMacScheduler/UlGrantMcs "0"
value /$ns3::NodeListPriv/NodeList/2/$ns3::Node/DeviceList/0/$ns3::LteEnbNetDevice/FfMacScheduler/$ns3::PfFfMacScheduler/UlCqiFilter "ALL_UL_CQI"
value /$ns3::NodeListPriv/NodeList/2/$ns3::Node/DeviceList/0/$ns3::LteEnbNetDevice/LteEnbPhy/$ns3::LteEnbPhy/TxPower "30"
value /$ns3::NodeListPriv/NodeList/2/$ns3::Node/DeviceList/0/$ns3::LteEnbNetDevice/LteEnbPhy/$ns3::LteEnbPhy/NoiseFigure "1"
value /$ns3::NodeListPriv/NodeList/2/$ns3::Node/DeviceList/0/$ns3::LteEnbNetDevice/LteEnbPhy/$ns3::LteEnbPhy/MacToChannelDelay "2"
value /$ns3::NodeListPriv/NodeList/2/$ns3::Node/DeviceList/0/$ns3::LteEnbNetDevice/LteEnbPhy/$ns3::LteEnbPhy/UeSinrSamplePeriod "1"
value /$ns3::NodeListPriv/NodeList/2/$ns3::Node/DeviceList/0/$ns3::LteEnbNetDevice/LteEnbPhy/$ns3::LteEnbPhy/InterferenceSamplePeriod "1"
value /$ns3::NodeListPriv/NodeList/2/$ns3::Node/DeviceList/0/$ns3::LteEnbNetDevice/LteEnbPhy/$ns3::LteEnbPhy/DlSpectrumPhy/$ns3::LteSpectrumPhy/DataErrorModelEnabled "false"
value /$ns3::NodeListPriv/NodeList/2/$ns3::Node/DeviceList/0/$ns3::LteEnbNetDevice/LteEnbPhy/$ns3::LteEnbPhy/DlSpectrumPhy/$ns3::LteSpectrumPhy/CtrlErrorModelEnabled "false"
value /$ns3::NodeListPriv/NodeList/2/$ns3::Node/DeviceList/0/$ns3::LteEnbNetDevice/LteEnbPhy/$ns3::LteEnbPhy/UlSpectrumPhy/$ns3::LteSpectrumPhy/DataErrorModelEnabled "false"
value /$ns3::NodeListPriv/NodeList/2/$ns3::Node/DeviceList/0/$ns3::LteEnbNetDevice/LteEnbPhy/$ns3::LteEnbPhy/UlSpectrumPhy/$ns3::LteSpectrumPhy/CtrlErrorModelEnabled "false"
value /$ns3::NodeListPriv/NodeList/2/$ns3::Node/DeviceList/0/$ns3::LteEnbNetDevice/UlBandwidth "100"
value /$ns3::NodeListPriv/NodeList/2/$ns3::Node/DeviceList/0/$ns3::LteEnbNetDevice/DlBandwidth "100"
value /$ns3::NodeListPriv/NodeList/2/$ns3::Node/DeviceList/0/$ns3::LteEnbNetDevice/CellId "1"
value /$ns3::NodeListPriv/NodeList/2/$ns3::Node/DeviceList/0/$ns3::LteEnbNetDevice/DlEarfcn "100"
value /$ns3::NodeListPriv/NodeList/2/$ns3::Node/DeviceList/0/$ns3::LteEnbNetDevice/UlEarfcn "18100"
value /$ns3::NodeListPriv/NodeList/2/$ns3::Node/DeviceList/0/$ns3::LteEnbNetDevice/Mtu "30000"
value /$ns3::NodeListPriv/NodeList/2/$ns3::Node/DeviceList/2/$ns3::PointToPointNetDevice/Mtu "1500"
value /$ns3::NodeListPriv/NodeList/2/$ns3::Node/DeviceList/2/$ns3::PointToPointNetDevice/Address "00:00:00:00:00:04"
value /$ns3::NodeListPriv/NodeList/2/$ns3::Node/DeviceList/2/$ns3::PointToPointNetDevice/DataRate "1000000000bps"
value /$ns3::NodeListPriv/NodeList/2/$ns3::Node/DeviceList/2/$ns3::PointToPointNetDevice/InterframeGap "+0.0ns"
value /$ns3::NodeListPriv/NodeList/2/$ns3::Node/DeviceList/2/$ns3::PointToPointNetDevice/TxQueue/$ns3::DropTailQueue/MaxPackets "10000"
value /$ns3::NodeListPriv/NodeList/2/$ns3::Node/DeviceList/2/$ns3::PointToPointNetDevice/TxQueue/$ns3::DropTailQueue/MaxBytes "999999"
value /$ns3::NodeListPriv/NodeList/2/$ns3::Node/SystemId "0"
value /$ns3::NodeListPriv/NodeList/2/$ns3::Node/$ns3::Ipv4L3Protocol/DefaultTos "0"
value /$ns3::NodeListPriv/NodeList/2/$ns3::Node/$ns3::Ipv4L3Protocol/DefaultTtl "64"
value /$ns3::NodeListPriv/NodeList/2/$ns3::Node/$ns3::Ipv4L3Protocol/FragmentExpirationTimeout "+30000000000.0ns"
value /$ns3::NodeListPriv/NodeList/2/$ns3::Node/$ns3::Ipv4L3Protocol/IpForward "true"
value /$ns3::NodeListPriv/NodeList/2/$ns3::Node/$ns3::Ipv4L3Protocol/WeakEsModel "true"
value /$ns3::NodeListPriv/NodeList/2/$ns3::Node/$ns3::Ipv6L3Protocol/DefaultTtl "64"
value /$ns3::NodeListPriv/NodeList/2/$ns3::Node/$ns3::Ipv6L3Protocol/DefaultTclass "0"
value /$ns3::NodeListPriv/NodeList/2/$ns3::Node/$ns3::Ipv6L3Protocol/SendIcmpv6Redirect "true"
value /$ns3::NodeListPriv/NodeList/2/$ns3::Node/$ns3::Ipv6L3Protocol/IpForward "false"
value /$ns3::NodeListPriv/NodeList/2/$ns3::Node/$ns3::ConstantPositionMobilityModel/Position "0:0:0"
value /$ns3::NodeListPriv/NodeList/2/$ns3::Node/$ns3::Icmpv6L4Protocol/DAD "true"
value /$ns3::NodeListPriv/NodeList/2/$ns3::Node/$ns3::UdpL4Protocol/SocketList/0/$ns3::UdpSocketImpl/IcmpCallback "0"
value /$ns3::NodeListPriv/NodeList/2/$ns3::Node/$ns3::UdpL4Protocol/SocketList/0/$ns3::UdpSocketImpl/IcmpCallback6 "0"
value /$ns3::NodeListPriv/NodeList/2/$ns3::Node/$ns3::UdpL4Protocol/SocketList/0/$ns3::UdpSocketImpl/RcvBufSize "131072"
value /$ns3::NodeListPriv/NodeList/2/$ns3::Node/$ns3::UdpL4Protocol/SocketList/0/$ns3::UdpSocketImpl/IpTtl "0"
value /$ns3::NodeListPriv/NodeList/2/$ns3::Node/$ns3::UdpL4Protocol/SocketList/0/$ns3::UdpSocketImpl/IpMulticastTtl "0"
value /$ns3::NodeListPriv/NodeList/2/$ns3::Node/$ns3::UdpL4Protocol/SocketList/0/$ns3::UdpSocketImpl/IpMulticastIf "-1"
value /$ns3::NodeListPriv/NodeList/2/$ns3::Node/$ns3::UdpL4Protocol/SocketList/0/$ns3::UdpSocketImpl/IpMulticastLoop "false"
value /$ns3::NodeListPriv/NodeList/2/$ns3::Node/$ns3::UdpL4Protocol/SocketList/0/$ns3::UdpSocketImpl/MtuDiscover "false"
value /$ns3::NodeListPriv/NodeList/2/$ns3::Node/$ns3::TcpL4Protocol/RttEstimatorType "ns3::RttMeanDeviation"
value /$ns3::NodeListPriv/NodeList/2/$ns3::Node/$ns3::TcpL4Protocol/SocketType "ns3::TcpTahoe"
value /$ns3::NodeListPriv/NodeList/3/$ns3::Node/DeviceList/0/$ns3::LteUeNetDevice/LteUeRrc/$ns3::LteUeRrc/Srb0/$ns3::LteSignalingRadioBearerInfo/LteRlc/$ns3::LteRlcTm/MaxTxBufferSize "2097152"
value /$ns3::NodeListPriv/NodeList/3/$ns3::Node/DeviceList/0/$ns3::LteUeNetDevice/LteUePhy/$ns3::LteUePhy/TxPower "10"
value /$ns3::NodeListPriv/NodeList/3/$ns3::Node/DeviceList/0/$ns3::LteUeNetDevice/LteUePhy/$ns3::LteUePhy/NoiseFigure "9"
value /$ns3::NodeListPriv/NodeList/3/$ns3::Node/DeviceList/0/$ns3::LteUeNetDevice/LteUePhy/$ns3::LteUePhy/RsrpSinrSamplePeriod "1"
value /$ns3::NodeListPriv/NodeList/3/$ns3::Node/DeviceList/0/$ns3::LteUeNetDevice/LteUePhy/$ns3::LteUePhy/DlSpectrumPhy/$ns3::LteSpectrumPhy/DataErrorModelEnabled "false"
value /$ns3::NodeListPriv/NodeList/3/$ns3::Node/DeviceList/0/$ns3::LteUeNetDevice/LteUePhy/$ns3::LteUePhy/DlSpectrumPhy/$ns3::LteSpectrumPhy/CtrlErrorModelEnabled "false"
value /$ns3::NodeListPriv/NodeList/3/$ns3::Node/DeviceList/0/$ns3::LteUeNetDevice/LteUePhy/$ns3::LteUePhy/UlSpectrumPhy/$ns3::LteSpectrumPhy/DataErrorModelEnabled "false"
value /$ns3::NodeListPriv/NodeList/3/$ns3::Node/DeviceList/0/$ns3::LteUeNetDevice/LteUePhy/$ns3::LteUePhy/UlSpectrumPhy/$ns3::LteSpectrumPhy/CtrlErrorModelEnabled "false"
value /$ns3::NodeListPriv/NodeList/3/$ns3::Node/DeviceList/0/$ns3::LteUeNetDevice/LteUePhy/$ns3::LteUePhy/RsrqUeMeasThreshold "-1000"
value /$ns3::NodeListPriv/NodeList/3/$ns3::Node/DeviceList/0/$ns3::LteUeNetDevice/LteUePhy/$ns3::LteUePhy/UeMeasurementsFilterPeriod "+200000000.0ns"
value /$ns3::NodeListPriv/NodeList/3/$ns3::Node/DeviceList/0/$ns3::LteUeNetDevice/Mtu "30000"
value /$ns3::NodeListPriv/NodeList/3/$ns3::Node/ApplicationList/0/$ns3::PacketSink/Local "02-06-00:00:00:00:d1:07"
value /$ns3::NodeListPriv/NodeList/3/$ns3::Node/ApplicationList/0/$ns3::PacketSink/Protocol "ns3::TcpSocketFactory"
value /$ns3::NodeListPriv/NodeList/3/$ns3::Node/ApplicationList/0/$ns3::PacketSink/StartTime "+10000000.0ns"
value /$ns3::NodeListPriv/NodeList/3/$ns3::Node/ApplicationList/0/$ns3::PacketSink/StopTime "+0.0ns"
value /$ns3::NodeListPriv/NodeList/3/$ns3::Node/SystemId "0"
value /$ns3::NodeListPriv/NodeList/3/$ns3::Node/$ns3::Ipv4L3Protocol/DefaultTos "0"
value /$ns3::NodeListPriv/NodeList/3/$ns3::Node/$ns3::Ipv4L3Protocol/DefaultTtl "64"
value /$ns3::NodeListPriv/NodeList/3/$ns3::Node/$ns3::Ipv4L3Protocol/FragmentExpirationTimeout "+30000000000.0ns"
value /$ns3::NodeListPriv/NodeList/3/$ns3::Node/$ns3::Ipv4L3Protocol/IpForward "true"
value /$ns3::NodeListPriv/NodeList/3/$ns3::Node/$ns3::Ipv4L3Protocol/WeakEsModel "true"
value /$ns3::NodeListPriv/NodeList/3/$ns3::Node/$ns3::Ipv6L3Protocol/DefaultTtl "64"
value /$ns3::NodeListPriv/NodeList/3/$ns3::Node/$ns3::Ipv6L3Protocol/DefaultTclass "0"
value /$ns3::NodeListPriv/NodeList/3/$ns3::Node/$ns3::Ipv6L3Protocol/SendIcmpv6Redirect "true"
value /$ns3::NodeListPriv/NodeList/3/$ns3::Node/$ns3::Ipv6L3Protocol/IpForward "false"
value /$ns3::NodeListPriv/NodeList/3/$ns3::Node/$ns3::ConstantPositionMobilityModel/Position "-373.241:-272.242:0"
value /$ns3::NodeListPriv/NodeList/3/$ns3::Node/$ns3::Icmpv6L4Protocol/DAD "true"
value /$ns3::NodeListPriv/NodeList/3/$ns3::Node/$ns3::Ns3NscStack<linux2.6.26>/net.core.wmem_max "131071"
value /$ns3::NodeListPriv/NodeList/3/$ns3::Node/$ns3::Ns3NscStack<linux2.6.26>/net.core.rmem_max "131071"
value /$ns3::NodeListPriv/NodeList/3/$ns3::Node/$ns3::Ns3NscStack<linux2.6.26>/net.ipv4.tcp_timestamps "1"
value /$ns3::NodeListPriv/NodeList/3/$ns3::Node/$ns3::Ns3NscStack<linux2.6.26>/net.ipv4.tcp_window_scaling "1"
value /$ns3::NodeListPriv/NodeList/3/$ns3::Node/$ns3::Ns3NscStack<linux2.6.26>/net.ipv4.tcp_sack "1"
value /$ns3::NodeListPriv/NodeList/3/$ns3::Node/$ns3::Ns3NscStack<linux2.6.26>/net.ipv4.tcp_retrans_collapse "1"
value /$ns3::NodeListPriv/NodeList/3/$ns3::Node/$ns3::Ns3NscStack<linux2.6.26>/net.ipv4.ip_default_ttl "64"
value /$ns3::NodeListPriv/NodeList/3/$ns3::Node/$ns3::Ns3NscStack<linux2.6.26>/net.ipv4.ip_no_pmtu_disc "0"
value /$ns3::NodeListPriv/NodeList/3/$ns3::Node/$ns3::Ns3NscStack<linux2.6.26>/net.ipv4.tcp_syn_retries "5"
value /$ns3::NodeListPriv/NodeList/3/$ns3::Node/$ns3::Ns3NscStack<linux2.6.26>/net.ipv4.tcp_synack_retries "5"
value /$ns3::NodeListPriv/NodeList/3/$ns3::Node/$ns3::Ns3NscStack<linux2.6.26>/net.ipv4.tcp_max_orphans "8192"
value /$ns3::NodeListPriv/NodeList/3/$ns3::Node/$ns3::Ns3NscStack<linux2.6.26>/net.ipv4.tcp_max_tw_buckets "180000"
value /$ns3::NodeListPriv/NodeList/3/$ns3::Node/$ns3::Ns3NscStack<linux2.6.26>/net.ipv4.ipfrag_high_thresh "262144"
value /$ns3::NodeListPriv/NodeList/3/$ns3::Node/$ns3::Ns3NscStack<linux2.6.26>/net.ipv4.ipfrag_low_thresh "196608"
value /$ns3::NodeListPriv/NodeList/3/$ns3::Node/$ns3::Ns3NscStack<linux2.6.26>/net.ipv4.ipfrag_time "30"
value /$ns3::NodeListPriv/NodeList/3/$ns3::Node/$ns3::Ns3NscStack<linux2.6.26>/net.ipv4.tcp_keepalive_time "7200"
value /$ns3::NodeListPriv/NodeList/3/$ns3::Node/$ns3::Ns3NscStack<linux2.6.26>/net.ipv4.tcp_keepalive_intvl "75"
value /$ns3::NodeListPriv/NodeList/3/$ns3::Node/$ns3::Ns3NscStack<linux2.6.26>/net.ipv4.tcp_retries1 "3"
value /$ns3::NodeListPriv/NodeList/3/$ns3::Node/$ns3::Ns3NscStack<linux2.6.26>/net.ipv4.tcp_retries2 "15"
value /$ns3::NodeListPriv/NodeList/3/$ns3::Node/$ns3::Ns3NscStack<linux2.6.26>/net.ipv4.tcp_fin_timeout "60"
value /$ns3::NodeListPriv/NodeList/3/$ns3::Node/$ns3::Ns3NscStack<linux2.6.26>/net.ipv4.tcp_syncookies "0"
value /$ns3::NodeListPriv/NodeList/3/$ns3::Node/$ns3::Ns3NscStack<linux2.6.26>/net.ipv4.tcp_tw_recycle "0"
value /$ns3::NodeListPriv/NodeList/3/$ns3::Node/$ns3::Ns3NscStack<linux2.6.26>/net.ipv4.tcp_abort_on_overflow "0"
value /$ns3::NodeListPriv/NodeList/3/$ns3::Node/$ns3::Ns3NscStack<linux2.6.26>/net.ipv4.tcp_stdurg "0"
value /$ns3::NodeListPriv/NodeList/3/$ns3::Node/$ns3::Ns3NscStack<linux2.6.26>/net.ipv4.tcp_rfc1337 "0"
value /$ns3::NodeListPriv/NodeList/3/$ns3::Node/$ns3::Ns3NscStack<linux2.6.26>/net.ipv4.tcp_max_syn_backlog "1024"
value /$ns3::NodeListPriv/NodeList/3/$ns3::Node/$ns3::Ns3NscStack<linux2.6.26>/net.ipv4.ip_local_port_range "32768 61000"
value /$ns3::NodeListPriv/NodeList/3/$ns3::Node/$ns3::Ns3NscStack<linux2.6.26>/net.ipv4.icmp_echo_ignore_all "0"
value /$ns3::NodeListPriv/NodeList/3/$ns3::Node/$ns3::Ns3NscStack<linux2.6.26>/net.ipv4.icmp_echo_ignore_broadcasts "1"
value /$ns3::NodeListPriv/NodeList/3/$ns3::Node/$ns3::Ns3NscStack<linux2.6.26>/net.ipv4.icmp_ignore_bogus_error_responses "1"
value /$ns3::NodeListPriv/NodeList/3/$ns3::Node/$ns3::Ns3NscStack<linux2.6.26>/net.ipv4.icmp_errors_use_inbound_ifaddr "0"
value /$ns3::NodeListPriv/NodeList/3/$ns3::Node/$ns3::Ns3NscStack<linux2.6.26>/net.ipv4.igmp_max_msf "10"
value /$ns3::NodeListPriv/NodeList/3/$ns3::Node/$ns3::Ns3NscStack<linux2.6.26>/net.ipv4.inet_peer_threshold "4104"
value /$ns3::NodeListPriv/NodeList/3/$ns3::Node/$ns3::Ns3NscStack<linux2.6.26>/net.ipv4.inet_peer_minttl "120"
value /$ns3::NodeListPriv/NodeList/3/$ns3::Node/$ns3::Ns3NscStack<linux2.6.26>/net.ipv4.inet_peer_maxttl "600"
value /$ns3::NodeListPriv/NodeList/3/$ns3::Node/$ns3::Ns3NscStack<linux2.6.26>/net.ipv4.inet_peer_gc_mintime "10"
value /$ns3::NodeListPriv/NodeList/3/$ns3::Node/$ns3::Ns3NscStack<linux2.6.26>/net.ipv4.inet_peer_gc_maxtime "120"
value /$ns3::NodeListPriv/NodeList/3/$ns3::Node/$ns3::Ns3NscStack<linux2.6.26>/net.ipv4.tcp_orphan_retries "0"
value /$ns3::NodeListPriv/NodeList/3/$ns3::Node/$ns3::Ns3NscStack<linux2.6.26>/net.ipv4.tcp_fack "1"
value /$ns3::NodeListPriv/NodeList/3/$ns3::Node/$ns3::Ns3NscStack<linux2.6.26>/net.ipv4.tcp_reordering "3"
value /$ns3::NodeListPriv/NodeList/3/$ns3::Node/$ns3::Ns3NscStack<linux2.6.26>/net.ipv4.tcp_ecn "0"
value /$ns3::NodeListPriv/NodeList/3/$ns3::Node/$ns3::Ns3NscStack<linux2.6.26>/net.ipv4.tcp_dsack "1"
value /$ns3::NodeListPriv/NodeList/3/$ns3::Node/$ns3::Ns3NscStack<linux2.6.26>/net.ipv4.tcp_mem "37440 49920 74880"
value /$ns3::NodeListPriv/NodeList/3/$ns3::Node/$ns3::Ns3NscStack<linux2.6.26>/net.ipv4.tcp_wmem "4096 16384 1597440"
value /$ns3::NodeListPriv/NodeList/3/$ns3::Node/$ns3::Ns3NscStack<linux2.6.26>/net.ipv4.tcp_rmem "4096 87380 1597440"
value /$ns3::NodeListPriv/NodeList/3/$ns3::Node/$ns3::Ns3NscStack<linux2.6.26>/net.ipv4.tcp_app_win "31"
value /$ns3::NodeListPriv/NodeList/3/$ns3::Node/$ns3::Ns3NscStack<linux2.6.26>/net.ipv4.tcp_adv_win_scale "2"
value /$ns3::NodeListPriv/NodeList/3/$ns3::Node/$ns3::Ns3NscStack<linux2.6.26>/net.ipv4.icmp_ratelimit "1000"
value /$ns3::NodeListPriv/NodeList/3/$ns3::Node/$ns3::Ns3NscStack<linux2.6.26>/net.ipv4.icmp_ratemask "6168"
value /$ns3::NodeListPriv/NodeList/3/$ns3::Node/$ns3::Ns3NscStack<linux2.6.26>/net.ipv4.tcp_tw_reuse "0"
value /$ns3::NodeListPriv/NodeList/3/$ns3::Node/$ns3::Ns3NscStack<linux2.6.26>/net.ipv4.tcp_frto "2"
value /$ns3::NodeListPriv/NodeList/3/$ns3::Node/$ns3::Ns3NscStack<linux2.6.26>/net.ipv4.tcp_low_latency "0"
value /$ns3::NodeListPriv/NodeList/3/$ns3::Node/$ns3::Ns3NscStack<linux2.6.26>/net.ipv4.ipfrag_secret_interval "600"
value /$ns3::NodeListPriv/NodeList/3/$ns3::Node/$ns3::Ns3NscStack<linux2.6.26>/net.ipv4.tcp_no_metrics_save "0"
value /$ns3::NodeListPriv/NodeList/3/$ns3::Node/$ns3::Ns3NscStack<linux2.6.26>/net.ipv4.tcp_moderate_rcvbuf "1"
value /$ns3::NodeListPriv/NodeList/3/$ns3::Node/$ns3::Ns3NscStack<linux2.6.26>/net.ipv4.tcp_tso_win_divisor "3"
value /$ns3::NodeListPriv/NodeList/3/$ns3::Node/$ns3::Ns3NscStack<linux2.6.26>/net.ipv4.tcp_congestion_control "cubic"
value /$ns3::NodeListPriv/NodeList/3/$ns3::Node/$ns3::Ns3NscStack<linux2.6.26>/net.ipv4.tcp_abc "0"
value /$ns3::NodeListPriv/NodeList/3/$ns3::Node/$ns3::Ns3NscStack<linux2.6.26>/net.ipv4.tcp_mtu_probing "0"
value /$ns3::NodeListPriv/NodeList/3/$ns3::Node/$ns3::Ns3NscStack<linux2.6.26>/net.ipv4.tcp_base_mss "512"
value /$ns3::NodeListPriv/NodeList/3/$ns3::Node/$ns3::Ns3NscStack<linux2.6.26>/net.ipv4.tcp_workaround_signed_windows "0"
value /$ns3::NodeListPriv/NodeList/3/$ns3::Node/$ns3::Ns3NscStack<linux2.6.26>/net.ipv4.tcp_slow_start_after_idle "1"
value /$ns3::ChannelListPriv/ChannelList/0/$ns3::PointToPointChannel/Delay "+14999999.0ns"
value /$ns3::ChannelListPriv/ChannelList/1/$ns3::MultiModelSpectrumChannel/MaxLossDb "1e+09"
value /$ns3::ChannelListPriv/ChannelList/2/$ns3::MultiModelSpectrumChannel/MaxLossDb "1e+09"
value /$ns3::ChannelListPriv/ChannelList/3/$ns3::PointToPointChannel/Delay "+14999999.0ns"
